<?xml version="1.0" encoding="utf-8"?><testsuites name="pytest tests"><testsuite name="pytest" errors="0" failures="0" skipped="0" tests="18" time="67.581" timestamp="2026-09-03T18:20:34.833097+00:00" hostname="agent-env-7a7733eb-f4b5-41a0-a93c-376a0582226d"><testcase classname="tests.test_mjd_kupi_full.TestAuth" name="test_health" time="0.263" /><testcase classname="tests.test_mjd_kupi_full.TestAuth" name="test_login_all_roles[super]" time="0.983" /><testcase classname="tests.test_mjd_kupi_full.TestAuth" name="test_login_all_roles[admin]" time="0.935" /><testcase classname="tests.test_mjd_kupi_full.TestAuth" name="test_login_all_roles[vendor]" time="0.979" /><testcase classname="tests.test_mjd_kupi_full.TestAuth" name="test_login_all_roles[kasir]" time="0.971" /><testcase classname="tests.test_mjd_kupi_full.TestAuth" name="test_login_bad_password" time="0.946" /><testcase classname="tests.test_mjd_kupi_full.TestAuth" name="test_me" time="1.800" /><testcase classname="tests.test_mjd_kupi_full.TestSeedData" name="test_merchants_seeded" time="0.903" /><testcase classname="tests.test_mjd_kupi_full.TestSeedData" name="test_products_seeded_bound_to_merchants" time="1.728" /><testcase classname="tests.test_mjd_kupi_full.TestMerchantRBAC" name="test_admin_can_create_update" time="7.664" /><testcase classname="tests.test_mjd_kupi_full.TestMerchantRBAC" name="test_kasir_cannot_create" time="1.606" /><testcase classname="tests.test_mjd_kupi_full.TestMerchantRBAC" name="test_vendor_cannot_create" time="2.631" /><testcase classname="tests.test_mjd_kupi_full.TestShiftPosKds" name="test_sale_without_shift_blocked" time="3.583" /><testcase classname="tests.test_mjd_kupi_full.TestShiftPosKds" name="test_full_shift_and_sale_and_kds_flow" time="18.882" /><testcase classname="tests.test_mjd_kupi_full.TestShiftPosKds" name="test_transfer_and_qris_payment" time="11.310" /><testcase classname="tests.test_mjd_kupi_full.TestSelfOrder" name="test_self_order_creates_kitchen_tickets_and_vendor_sees" time="5.413" /><testcase classname="tests.test_mjd_kupi_full.TestSettings" name="test_printer_settings_roundtrip" time="3.087" /><testcase classname="tests.test_mjd_kupi_full.TestExpenses" name="test_admin_can_create_and_list_ordered" time="3.830" /></testsuite></testsuites>