<?xml version="1.0" encoding="utf-8"?><testsuites name="pytest tests"><testsuite name="pytest" errors="0" failures="0" skipped="0" tests="15" time="26.882" timestamp="2026-09-04T13:23:16.778013+00:00" hostname="agent-env-7a7733eb-f4b5-41a0-a93c-376a0582226d"><testcase classname="tests.test_iteration11_feb2026.TestFeatureToggles" name="test_get_defaults_shape" time="2.674" /><testcase classname="tests.test_iteration11_feb2026.TestWhiteLabel" name="test_put_white_label_fields_persist" time="5.503" /><testcase classname="tests.test_iteration11_feb2026.TestFeatureToggles" name="test_post_matrix_persists" time="2.052" /><testcase classname="tests.test_iteration11_feb2026.TestWhiteLabel" name="test_branding_by_slug_ok" time="0.932" /><testcase classname="tests.test_iteration11_feb2026.TestFeatureToggles" name="test_admin_cannot_save" time="1.568" /><testcase classname="tests.test_iteration11_feb2026.TestFeatureToggles" name="test_cleanup_reset_matrix" time="1.202" /><testcase classname="tests.test_iteration11_feb2026.TestWhiteLabel" name="test_branding_by_slug_404" time="0.905" /><testcase classname="tests.test_iteration11_feb2026.TestWhiteLabel" name="test_branding_current_super_admin" time="0.645" /><testcase classname="tests.test_iteration11_feb2026.TestWhiteLabel" name="test_branding_current_vendor" time="1.981" /><testcase classname="tests.test_iteration11_feb2026.TestSubscriptionEnforcement" name="test_suspend_blocks_vendor_login" time="3.059" /><testcase classname="tests.test_iteration11_feb2026.TestProductVariants" name="test_variants_persisted" time="4.155" /><testcase classname="tests.test_iteration11_feb2026.TestProductVariants" name="test_sale_uses_variant_price" time="7.832" /><testcase classname="tests.test_iteration11_feb2026.TestSubscriptionEnforcement" name="test_restore_active_allows_login" time="3.832" /><testcase classname="tests.test_iteration11_feb2026.TestProductVariants" name="test_sale_rejects_invalid_variant" time="2.082" /><testcase classname="tests.test_iteration11_feb2026.TestProductVariants" name="test_notes_truncated_at_200" time="4.803" /></testsuite></testsuites>