<?xml version="1.0" encoding="utf-8"?><testsuites name="pytest tests"><testsuite name="pytest" errors="0" failures="1" skipped="0" tests="22" time="74.302" timestamp="2026-09-03T20:12:36.288428+00:00" hostname="agent-env-7a7733eb-f4b5-41a0-a93c-376a0582226d"><testcase classname="tests.test_security_fixes" name="test_csrf_post_without_header_forbidden" time="11.512" /><testcase classname="tests.test_security_fixes" name="test_csrf_login_allowlisted_without_header" time="1.424" /><testcase classname="tests.test_security_fixes" name="test_csrf_self_order_allowlisted_without_header" time="1.732" /><testcase classname="tests.test_security_fixes" name="test_sec001_login_cookie_samesite_lax" time="0.940"><failure message="AssertionError: Expected SameSite=Lax cookie, got: access_token=eyjhbgcioijiuzi1niisinr5cci6ikpxvcj9.eyjzdwiioii3mmu4nzrizs04ztvlltrkogutyju1ms1kyjkwywuzzmvjnzqilcj0exblijoiywnjzxnziiwizxhwijoxnzg4ndk1mtcyfq.d9huuw-cwdrgopvts1n8mkeevi-vk6ku7yyoovd0wuq; httponly; max-age=28800; path=/; secure; samesite=none; partitioned, refresh_token=eyjhbgcioijiuzi1niisinr5cci6ikpxvcj9.eyjzdwiioii3mmu4nzrizs04ztvlltrkogutyju1ms1kyjkwywuzzmvjnzqilcj0exblijoicmvmcmvzacisimv4cci6mtc4ota3mte3mn0.hfpssbn3iudlqproxoyxbyj97f-ebridwgoqcser8h8; httponly; max-age=604800; path=/; secure; samesite=none; partitioned, __cf_bm=atybc6kzq4dij9yzirhiwpvwcii2njh44i.sqxjmjai-1788466371.4700704-1.0.1.1-o2pxccnlvks8ef6ol5jewhai45hpgxhmze_oljjxs5vu3mx6gswqjku_txbw1.zvsyrtvjgs0sypdprqowikvbravt7szk9djharx54dwggyrq.ncrp_gvr4.fga8okw; httponly; samesite=none; secure; path=/; domain=preview.emergentagent.com; expires=thu, 03 sep 2026 20:42:52 gmt access_token=eyjhbgcioijiuzi1niisinr5cci6ikpxvcj9.eyjzdwiioii3mmu4nzrizs04ztvlltrkogutyju1ms1kyjkwywuzzmvjnzqilcj0exblijoiywnjzxnziiwizxhwijoxnzg4ndk1mtcyfq.d9huuw-cwdrgopvts1n8mkeevi-vk6ku7yyoovd0wuq; httponly; max-age=28800; path=/; secure; samesite=none; partitioned, refresh_token=eyjhbgcioijiuzi1niisinr5cci6ikpxvcj9.eyjzdwiioii3mmu4nzrizs04ztvlltrkogutyju1ms1kyjkwywuzzmvjnzqilcj0exblijoicmvmcmvzacisimv4cci6mtc4ota3mte3mn0.hfpssbn3iudlqproxoyxbyj97f-ebridwgoqcser8h8; httponly; max-age=604800; path=/; secure; samesite=none; partitioned, __cf_bm=atybc6kzq4dij9yzirhiwpvwcii2njh44i.sqxjmjai-1788466371.4700704-1.0.1.1-o2pxccnlvks8ef6ol5jewhai45hpgxhmze_oljjxs5vu3mx6gswqjku_txbw1.zvsyrtvjgs0sypdprqowikvbravt7szk9djharx54dwggyrq.ncrp_gvr4.fga8okw; httponly; samesite=none; secure; path=/; domain=preview.emergentagent.com; expires=thu, 03 sep 2026 20:42:52 gmt&#10;assert 'samesite=lax' in 'access_token=eyjhbgcioijiuzi1niisinr5cci6ikpxvcj9.eyjzdwiioii3mmu4nzrizs04ztvlltrkogutyju1ms1kyjkwywuzzmvjnzqilcj0exblijoiywnjzxnziiwizxhwijoxnzg4ndk1mtcyfq.d9huuw-cwdrgopvts1n8mkeevi-vk6ku7yyoovd0wuq; httponly; max-age=28800; path=/; secure; samesite=none; partitioned, refresh_token=eyjhbgcioijiuzi1niisinr5cci6ikpxvcj9.eyjzdwiioii3mmu4nzrizs04ztvlltrkogutyju1ms1kyjkwywuzzmvjnzqilcj0exblijoicmvmcmvzacisimv4cci6mtc4ota3mte3mn0.hfpssbn3iudlqproxoyxbyj97f-ebridwgoqcser8h8; httponly; max-age=604800; path=/; secure; samesite=none; partitioned, __cf_bm=atybc6kzq4dij9yzirhiwpvwcii2njh44i.sqxjmjai-1788466371.4700704-1.0.1.1-o2pxccnlvks8ef6ol5jewhai45hpgxhmze_oljjxs5vu3mx6gswqjku_txbw1.zvsyrtvjgs0sypdprqowikvbravt7szk9djharx54dwggyrq.ncrp_gvr4.fga8okw; httponly; samesite=none; secure; path=/; domain=preview.emergentagent.com; expires=thu, 03 sep 2026 20:42:52 gmt access_token=eyjhbgcioijiuzi1niisinr5cci6ikpxvcj9.eyjzdwiioii3mmu4nzrizs04ztvlltrkogutyju1ms1kyjkwywuzzmvjnzqilcj0exblijoiywnjzxnziiwizxhwijoxnzg4ndk1mtcyfq.d9huuw-cwdrgopvts1n8mkeevi-vk6ku7yyoovd0wuq; httponly; max-age=28800; path=/; secure; samesite=none; partitioned, refresh_token=eyjhbgcioijiuzi1niisinr5cci6ikpxvcj9.eyjzdwiioii3mmu4nzrizs04ztvlltrkogutyju1ms1kyjkwywuzzmvjnzqilcj0exblijoicmvmcmvzacisimv4cci6mtc4ota3mte3mn0.hfpssbn3iudlqproxoyxbyj97f-ebridwgoqcser8h8; httponly; max-age=604800; path=/; secure; samesite=none; partitioned, __cf_bm=atybc6kzq4dij9yzirhiwpvwcii2njh44i.sqxjmjai-1788466371.4700704-1.0.1.1-o2pxccnlvks8ef6ol5jewhai45hpgxhmze_oljjxs5vu3mx6gswqjku_txbw1.zvsyrtvjgs0sypdprqowikvbravt7szk9djharx54dwggyrq.ncrp_gvr4.fga8okw; httponly; samesite=none; secure; path=/; domain=preview.emergentagent.com; expires=thu, 03 sep 2026 20:42:52 gmt'">backend/tests/test_security_fixes.py:85: in test_sec001_login_cookie_samesite_lax
    assert "samesite=lax" in combined, f"Expected SameSite=Lax cookie, got: {combined}"
E   AssertionError: Expected SameSite=Lax cookie, got: access_token=eyjhbgcioijiuzi1niisinr5cci6ikpxvcj9.eyjzdwiioii3mmu4nzrizs04ztvlltrkogutyju1ms1kyjkwywuzzmvjnzqilcj0exblijoiywnjzxnziiwizxhwijoxnzg4ndk1mtcyfq.d9huuw-cwdrgopvts1n8mkeevi-vk6ku7yyoovd0wuq; httponly; max-age=28800; path=/; secure; samesite=none; partitioned, refresh_token=eyjhbgcioijiuzi1niisinr5cci6ikpxvcj9.eyjzdwiioii3mmu4nzrizs04ztvlltrkogutyju1ms1kyjkwywuzzmvjnzqilcj0exblijoicmvmcmvzacisimv4cci6mtc4ota3mte3mn0.hfpssbn3iudlqproxoyxbyj97f-ebridwgoqcser8h8; httponly; max-age=604800; path=/; secure; samesite=none; partitioned, __cf_bm=atybc6kzq4dij9yzirhiwpvwcii2njh44i.sqxjmjai-1788466371.4700704-1.0.1.1-o2pxccnlvks8ef6ol5jewhai45hpgxhmze_oljjxs5vu3mx6gswqjku_txbw1.zvsyrtvjgs0sypdprqowikvbravt7szk9djharx54dwggyrq.ncrp_gvr4.fga8okw; httponly; samesite=none; secure; path=/; domain=preview.emergentagent.com; expires=thu, 03 sep 2026 20:42:52 gmt access_token=eyjhbgcioijiuzi1niisinr5cci6ikpxvcj9.eyjzdwiioii3mmu4nzrizs04ztvlltrkogutyju1ms1kyjkwywuzzmvjnzqilcj0exblijoiywnjzxnziiwizxhwijoxnzg4ndk1mtcyfq.d9huuw-cwdrgopvts1n8mkeevi-vk6ku7yyoovd0wuq; httponly; max-age=28800; path=/; secure; samesite=none; partitioned, refresh_token=eyjhbgcioijiuzi1niisinr5cci6ikpxvcj9.eyjzdwiioii3mmu4nzrizs04ztvlltrkogutyju1ms1kyjkwywuzzmvjnzqilcj0exblijoicmvmcmvzacisimv4cci6mtc4ota3mte3mn0.hfpssbn3iudlqproxoyxbyj97f-ebridwgoqcser8h8; httponly; max-age=604800; path=/; secure; samesite=none; partitioned, __cf_bm=atybc6kzq4dij9yzirhiwpvwcii2njh44i.sqxjmjai-1788466371.4700704-1.0.1.1-o2pxccnlvks8ef6ol5jewhai45hpgxhmze_oljjxs5vu3mx6gswqjku_txbw1.zvsyrtvjgs0sypdprqowikvbravt7szk9djharx54dwggyrq.ncrp_gvr4.fga8okw; httponly; samesite=none; secure; path=/; domain=preview.emergentagent.com; expires=thu, 03 sep 2026 20:42:52 gmt
E   assert 'samesite=lax' in 'access_token=eyjhbgcioijiuzi1niisinr5cci6ikpxvcj9.eyjzdwiioii3mmu4nzrizs04ztvlltrkogutyju1ms1kyjkwywuzzmvjnzqilcj0exblijoiywnjzxnziiwizxhwijoxnzg4ndk1mtcyfq.d9huuw-cwdrgopvts1n8mkeevi-vk6ku7yyoovd0wuq; httponly; max-age=28800; path=/; secure; samesite=none; partitioned, refresh_token=eyjhbgcioijiuzi1niisinr5cci6ikpxvcj9.eyjzdwiioii3mmu4nzrizs04ztvlltrkogutyju1ms1kyjkwywuzzmvjnzqilcj0exblijoicmvmcmvzacisimv4cci6mtc4ota3mte3mn0.hfpssbn3iudlqproxoyxbyj97f-ebridwgoqcser8h8; httponly; max-age=604800; path=/; secure; samesite=none; partitioned, __cf_bm=atybc6kzq4dij9yzirhiwpvwcii2njh44i.sqxjmjai-1788466371.4700704-1.0.1.1-o2pxccnlvks8ef6ol5jewhai45hpgxhmze_oljjxs5vu3mx6gswqjku_txbw1.zvsyrtvjgs0sypdprqowikvbravt7szk9djharx54dwggyrq.ncrp_gvr4.fga8okw; httponly; samesite=none; secure; path=/; domain=preview.emergentagent.com; expires=thu, 03 sep 2026 20:42:52 gmt access_token=eyjhbgcioijiuzi1niisinr5cci6ikpxvcj9.eyjzdwiioii3mmu4nzrizs04ztvlltrkogutyju1ms1kyjkwywuzzmvjnzqilcj0exblijoiywnjzxnziiwizxhwijoxnzg4ndk1mtcyfq.d9huuw-cwdrgopvts1n8mkeevi-vk6ku7yyoovd0wuq; httponly; max-age=28800; path=/; secure; samesite=none; partitioned, refresh_token=eyjhbgcioijiuzi1niisinr5cci6ikpxvcj9.eyjzdwiioii3mmu4nzrizs04ztvlltrkogutyju1ms1kyjkwywuzzmvjnzqilcj0exblijoicmvmcmvzacisimv4cci6mtc4ota3mte3mn0.hfpssbn3iudlqproxoyxbyj97f-ebridwgoqcser8h8; httponly; max-age=604800; path=/; secure; samesite=none; partitioned, __cf_bm=atybc6kzq4dij9yzirhiwpvwcii2njh44i.sqxjmjai-1788466371.4700704-1.0.1.1-o2pxccnlvks8ef6ol5jewhai45hpgxhmze_oljjxs5vu3mx6gswqjku_txbw1.zvsyrtvjgs0sypdprqowikvbravt7szk9djharx54dwggyrq.ncrp_gvr4.fga8okw; httponly; samesite=none; secure; path=/; domain=preview.emergentagent.com; expires=thu, 03 sep 2026 20:42:52 gmt'</failure></testcase><testcase classname="tests.test_security_fixes" name="test_sec002_plain_password_reveal_enabled_and_audit_log" time="2.245" /><testcase classname="tests.test_security_fixes" name="test_sec003_vendor_me_has_merchant_id" time="1.644" /><testcase classname="tests.test_security_fixes" name="test_sec003_vendor_kds_orders_scoped" time="7.686" /><testcase classname="tests.test_security_fixes" name="test_sec003_vendor_kds_patch_forbidden_for_other_merchant" time="3.952" /><testcase classname="tests.test_security_fixes" name="test_sec003_vendor_orders_scoped" time="2.061" /><testcase classname="tests.test_security_fixes" name="test_sec004_expenses_scoping_kasir_only_own" time="7.629" /><testcase classname="tests.test_security_fixes" name="test_sec004_expenses_vendor_forbidden" time="1.612" /><testcase classname="tests.test_security_fixes" name="test_sec004_stock_logs_kasir_forbidden" time="1.715" /><testcase classname="tests.test_security_fixes" name="test_sec004_stock_logs_admin_allowed" time="1.960" /><testcase classname="tests.test_security_fixes" name="test_sec005_create_sale_recompute_from_authoritative_prices" time="4.650" /><testcase classname="tests.test_security_fixes" name="test_security_headers_on_api_root" time="0.168" /><testcase classname="tests.test_security_fixes" name="test_regression_login_all_roles[superadmin]" time="1.625" /><testcase classname="tests.test_security_fixes" name="test_regression_login_all_roles[admin]" time="1.663" /><testcase classname="tests.test_security_fixes" name="test_regression_login_all_roles[vendor]" time="1.740" /><testcase classname="tests.test_security_fixes" name="test_regression_login_all_roles[kasir]" time="1.752" /><testcase classname="tests.test_security_fixes" name="test_regression_core_lists_accessible" time="3.779" /><testcase classname="tests.test_security_fixes" name="test_regression_shift_open_close_flow" time="6.177" /><testcase classname="tests.test_security_fixes" name="test_regression_accept_self_order_by_kasir" time="6.111" /></testsuite></testsuites>