<?xml version="1.0" encoding="utf-8"?><testsuites name="pytest tests"><testsuite name="pytest" errors="0" failures="0" skipped="0" tests="7" time="21.939" timestamp="2026-09-05T04:36:39.969926+00:00" hostname="agent-env-7a7733eb-f4b5-41a0-a93c-376a0582226d"><testcase classname="tests.test_iteration16_shift_open_bug.TestShiftOpenBug" name="test_00_cleanup_any_open_shift" time="5.830" /><testcase classname="tests.test_iteration16_shift_open_bug.TestShiftOpenBug" name="test_01_open_shift_clean_payload_success" time="2.412" /><testcase classname="tests.test_iteration16_shift_open_bug.TestShiftOpenBug" name="test_02_current_returns_open_shift" time="0.800" /><testcase classname="tests.test_iteration16_shift_open_bug.TestShiftOpenBug" name="test_03_open_when_already_open_returns_400_aktif" time="0.862" /><testcase classname="tests.test_iteration16_shift_open_bug.TestShiftOpenBug" name="test_04_cannot_spoof_cashier_or_outlet" time="4.563" /><testcase classname="tests.test_iteration16_shift_open_bug.TestShiftOpenBug" name="test_05_close_then_reopen" time="4.328" /><testcase classname="tests.test_iteration16_shift_open_bug.TestShiftOpenBug" name="test_99_cleanup" time="2.749" /></testsuite></testsuites>