<?xml version="1.0" encoding="utf-8"?><testsuites name="pytest tests"><testsuite name="pytest" errors="0" failures="0" skipped="0" tests="22" time="67.047" timestamp="2026-09-03T19:47:02.247746+00:00" hostname="agent-env-7a7733eb-f4b5-41a0-a93c-376a0582226d"><testcase classname="tests.test_iteration7.TestUsernameLogin" name="test_login_via_username[super]" time="2.915" /><testcase classname="tests.test_iteration7.TestUsernameLogin" name="test_login_via_username[admin]" time="0.972" /><testcase classname="tests.test_iteration7.TestUsernameLogin" name="test_login_via_username[vendor]" time="1.010" /><testcase classname="tests.test_iteration7.TestUsernameLogin" name="test_login_via_username[kasir]" time="0.974" /><testcase classname="tests.test_iteration7.TestUsernameLogin" name="test_login_via_email_still_works" time="0.982" /><testcase classname="tests.test_iteration7.TestUsernameLogin" name="test_admin_email_login_role_is_admin_not_merchant_admin" time="0.952" /><testcase classname="tests.test_iteration7.TestUsernameLogin" name="test_login_bad_password" time="1.014" /><testcase classname="tests.test_iteration7.TestAdminUsers" name="test_list_users_super_ok_has_plain_password" time="2.239" /><testcase classname="tests.test_iteration7.TestAdminUsers" name="test_list_users_non_super_403[admin]" time="1.716" /><testcase classname="tests.test_iteration7.TestAdminUsers" name="test_list_users_non_super_403[kasir]" time="1.662" /><testcase classname="tests.test_iteration7.TestAdminUsers" name="test_list_users_non_super_403[vendor]" time="1.718" /><testcase classname="tests.test_iteration7.TestAdminUsers" name="test_create_user_and_login" time="6.011" /><testcase classname="tests.test_iteration7.TestAdminUsers" name="test_create_user_invalid_role_400" time="2.056" /><testcase classname="tests.test_iteration7.TestAdminUsers" name="test_reset_password_flow" time="8.104" /><testcase classname="tests.test_iteration7.TestAdminUsers" name="test_toggle_and_delete" time="7.658" /><testcase classname="tests.test_iteration7.TestAdminUsers" name="test_cannot_delete_self" time="4.017" /><testcase classname="tests.test_iteration7.TestOutlets" name="test_super_can_create_update_delete_outlet" time="6.095" /><testcase classname="tests.test_iteration7.TestOutlets" name="test_non_super_cannot_modify_outlet[admin]" time="2.380" /><testcase classname="tests.test_iteration7.TestOutlets" name="test_non_super_cannot_modify_outlet[kasir]" time="2.341" /><testcase classname="tests.test_iteration7.TestLogoSetting" name="test_logo_roundtrip" time="3.401" /><testcase classname="tests.test_iteration7.TestExpenseAutoBind" name="test_kasir_expense_binds_user_and_shift" time="7.083" /><testcase classname="tests.test_iteration7.TestExpenseAutoBind" name="test_kasir_expense_specifically_dina" time="1.680" /></testsuite></testsuites>