<?xml version="1.0" encoding="utf-8"?><testsuites name="pytest tests"><testsuite name="pytest" errors="0" failures="0" skipped="0" tests="4" time="5.619" timestamp="2026-09-03T17:26:29.717871+00:00" hostname="agent-env-7a7733eb-f4b5-41a0-a93c-376a0582226d"><testcase classname="tests.test_mjd_kupi_auth_orders" name="test_all_demo_roles_and_me" time="2.839" /><testcase classname="tests.test_mjd_kupi_auth_orders" name="test_unauthorized_and_role_permissions" time="0.839" /><testcase classname="tests.test_mjd_kupi_auth_orders" name="test_self_order_vendor_queue_status_and_settlement" time="0.898" /><testcase classname="tests.test_mjd_kupi_auth_orders" name="test_outlets_and_qris_permissions" time="0.572" /></testsuite></testsuites>