<?xml version="1.0" encoding="utf-8"?><testsuites name="pytest tests"><testsuite name="pytest" errors="0" failures="0" skipped="1" tests="15" time="57.729" timestamp="2026-09-05T06:16:02.668970+00:00" hostname="agent-env-7a7733eb-f4b5-41a0-a93c-376a0582226d"><testcase classname="tests.test_iteration19_batch_c.TestStockMovements" name="test_list_movements" time="24.003" /><testcase classname="tests.test_iteration19_batch_c.TestStockMovements" name="test_manual_in_creates_movement_and_updates_stock" time="5.642" /><testcase classname="tests.test_iteration19_batch_c.TestSettlement" name="test_preview_structure" time="25.949" /><testcase classname="tests.test_iteration19_batch_c.TestSettlement" name="test_payout_zero_omset_returns_400" time="2.372" /><testcase classname="tests.test_iteration19_batch_c.TestSettlement" name="test_payout_create_and_list" time="4.507" /><testcase classname="tests.test_iteration19_batch_c.TestStockMovements" name="test_opname_requires_target_stock" time="1.595" /><testcase classname="tests.test_iteration19_batch_c.TestStockMovements" name="test_opname_sets_stock_exactly" time="3.526" /><testcase classname="tests.test_iteration19_batch_c.TestBulkImport" name="test_upsert_new_and_existing" time="3.914" /><testcase classname="tests.test_iteration19_batch_c.TestStockMovements" name="test_admin_cannot_touch_other_outlet" time="2.405"><skipped type="pytest.skip" message="No product in a different outlet for isolation test">/app/backend/tests/test_iteration19_batch_c.py:221: No product in a different outlet for isolation test</skipped></testcase><testcase classname="tests.test_iteration19_batch_c.TestBulkImport" name="test_row_missing_name_returns_in_errors" time="0.610" /><testcase classname="tests.test_iteration19_batch_c.TestRegression" name="test_sale_generates_stock_movement_and_deducts" time="8.187" /><testcase classname="tests.test_iteration19_batch_c.TestBulkImport" name="test_admin_bulk_import_forced_to_own_outlet" time="4.351" /><testcase classname="tests.test_iteration19_batch_c.TestSoundSettings" name="test_sound_config_persist" time="2.001" /><testcase classname="tests.test_iteration19_batch_c.TestRegression" name="test_dashboard_analytics_structure" time="2.498" /><testcase classname="tests.test_iteration19_batch_c.TestRegression" name="test_self_order_accept_double_click_409" time="9.413" /></testsuite></testsuites>