<?xml version="1.0" encoding="utf-8"?><testsuites name="pytest tests"><testsuite name="pytest" errors="0" failures="0" skipped="1" tests="30" time="145.799" timestamp="2026-09-03T18:47:24.087704+00:00" hostname="agent-env-7a7733eb-f4b5-41a0-a93c-376a0582226d"><testcase classname="tests.test_mjd_kupi_full.TestAuth" name="test_health" time="7.354" /><testcase classname="tests.test_mjd_kupi_full.TestAuth" name="test_login_all_roles[super]" time="0.960" /><testcase classname="tests.test_mjd_kupi_full.TestAuth" name="test_login_all_roles[admin]" time="0.990" /><testcase classname="tests.test_mjd_kupi_full.TestAuth" name="test_login_all_roles[vendor]" time="0.959" /><testcase classname="tests.test_mjd_kupi_full.TestAuth" name="test_login_all_roles[kasir]" time="0.994" /><testcase classname="tests.test_mjd_kupi_full.TestAuth" name="test_login_bad_password" time="0.957" /><testcase classname="tests.test_mjd_kupi_full.TestAuth" name="test_me" time="1.834" /><testcase classname="tests.test_mjd_kupi_full.TestSeedData" name="test_merchants_seeded" time="0.987" /><testcase classname="tests.test_mjd_kupi_full.TestSeedData" name="test_products_seeded_bound_to_merchants" time="1.630" /><testcase classname="tests.test_mjd_kupi_full.TestMerchantRBAC" name="test_admin_can_create_update" time="7.258" /><testcase classname="tests.test_mjd_kupi_full.TestMerchantRBAC" name="test_kasir_cannot_create" time="1.598" /><testcase classname="tests.test_mjd_kupi_full.TestMerchantRBAC" name="test_vendor_cannot_create" time="1.595" /><testcase classname="tests.test_mjd_kupi_full.TestShiftPosKds" name="test_sale_without_shift_blocked" time="6.010" /><testcase classname="tests.test_mjd_kupi_full.TestShiftPosKds" name="test_full_shift_and_sale_and_kds_flow" time="16.924" /><testcase classname="tests.test_mjd_kupi_full.TestShiftPosKds" name="test_transfer_and_qris_payment" time="10.914" /><testcase classname="tests.test_mjd_kupi_full.TestSelfOrder" name="test_self_order_no_auto_kds_but_visible_to_vendor" time="5.362" /><testcase classname="tests.test_mjd_kupi_full.TestCashierMonitoring" name="test_list_shifts_admin_enriched" time="6.400" /><testcase classname="tests.test_mjd_kupi_full.TestCashierMonitoring" name="test_list_shifts_super_ok" time="5.895" /><testcase classname="tests.test_mjd_kupi_full.TestCashierMonitoring" name="test_list_shifts_kasir_forbidden" time="1.682" /><testcase classname="tests.test_mjd_kupi_full.TestCashierMonitoring" name="test_list_shifts_vendor_forbidden" time="1.587" /><testcase classname="tests.test_mjd_kupi_full.TestShiftReport" name="test_shift_report_structure_for_kasir_own_shift" time="7.175" /><testcase classname="tests.test_mjd_kupi_full.TestShiftReport" name="test_kasir_forbidden_other_shift" time="7.953"><skipped type="pytest.skip" message="no other-cashier shift available">/app/backend/tests/test_mjd_kupi_full.py:357: no other-cashier shift available</skipped></testcase><testcase classname="tests.test_mjd_kupi_full.TestOnlineOrdersAndAccept" name="test_online_orders_kasir_sees_pending" time="4.039" /><testcase classname="tests.test_mjd_kupi_full.TestOnlineOrdersAndAccept" name="test_online_orders_vendor_forbidden" time="1.570" /><testcase classname="tests.test_mjd_kupi_full.TestOnlineOrdersAndAccept" name="test_accept_self_order_creates_sale_and_reduces_stock" time="13.986" /><testcase classname="tests.test_mjd_kupi_full.TestOnlineOrdersAndAccept" name="test_accept_requires_shift" time="4.895" /><testcase classname="tests.test_mjd_kupi_full.TestSalesDataIsolation" name="test_kasir_sees_only_own_shift_sales" time="10.987" /><testcase classname="tests.test_mjd_kupi_full.TestProductImageUrl" name="test_create_product_with_image_url" time="6.252" /><testcase classname="tests.test_mjd_kupi_full.TestSettings" name="test_printer_settings_roundtrip" time="3.149" /><testcase classname="tests.test_mjd_kupi_full.TestExpenses" name="test_admin_can_create_and_list_ordered" time="3.763" /></testsuite></testsuites>