<?xml version="1.0" encoding="utf-8"?><testsuites name="pytest tests"><testsuite name="pytest" errors="0" failures="1" skipped="0" tests="16" time="47.281" timestamp="2026-09-05T07:08:41.591897+00:00" hostname="agent-env-7a7733eb-f4b5-41a0-a93c-376a0582226d"><testcase classname="tests.test_iteration20_product_mgmt.TestBulkImport" name="test_upsert_by_sku_updates_existing" time="30.537" /><testcase classname="tests.test_iteration20_product_mgmt.TestProductVisibility" name="test_super_admin_default_hides_inactive" time="30.191" /><testcase classname="tests.test_iteration20_product_mgmt.TestProductVisibility" name="test_super_admin_include_inactive" time="1.008" /><testcase classname="tests.test_iteration20_product_mgmt.TestBulkImport" name="test_bulk_import_inactive_hidden_from_anonymous" time="2.966" /><testcase classname="tests.test_iteration20_product_mgmt.TestProductVisibility" name="test_anonymous_public_hides_inactive" time="0.753" /><testcase classname="tests.test_iteration20_product_mgmt.TestProductVisibility" name="test_anonymous_requires_outlet" time="0.046" /><testcase classname="tests.test_iteration20_product_mgmt.TestProductVisibility" name="test_kasir_default_hides_inactive" time="1.695" /><testcase classname="tests.test_iteration20_product_mgmt.TestProductVisibility" name="test_kasir_include_inactive_ignored" time="0.903" /><testcase classname="tests.test_iteration20_product_mgmt.TestBulkImport" name="test_admin_outlet_isolation_forces_own_outlet" time="3.928" /><testcase classname="tests.test_iteration20_product_mgmt.TestProductVisibility" name="test_put_toggle_inactive" time="3.322" /><testcase classname="tests.test_iteration20_product_mgmt.TestBatchCRegression" name="test_settlement_preview" time="1.768" /><testcase classname="tests.test_iteration20_product_mgmt.TestProductVisibility" name="test_put_toggle_active_restores" time="2.188" /><testcase classname="tests.test_iteration20_product_mgmt.TestBatchCRegression" name="test_stock_movements_get" time="1.004" /><testcase classname="tests.test_iteration20_product_mgmt.TestSalesStockRegression" name="test_sale_creates_stock_movement" time="3.434"><failure message="AssertionError: {&quot;detail&quot;:[{&quot;type&quot;:&quot;missing&quot;,&quot;loc&quot;:[&quot;body&quot;,&quot;subtotal&quot;],&quot;msg&quot;:&quot;Field required&quot;,&quot;input&quot;:{&quot;outlet_id&quot;:&quot;outlet-sudirman&quot;,&quot;lines&quot;:[{&quot;product_id&quot;:&quot;p-2&quot;,&quot;name&quot;:&quot;Americano Ice&quot;,&quot;price&quot;:15500.0,&quot;quantity&quot;:1,&quot;merchant_id&quot;:&quot;m-barista&quot;}],&quot;payment_method&quot;:&quot;cash&quot;,&quot;paid_amount&quot;:15500.0,&quot;channel&quot;:&quot;pos&quot;},&quot;url&quot;:&quot;https://errors.pydantic.dev/2.13/v/missing&quot;},{&quot;type&quot;:&quot;missing&quot;,&quot;loc&quot;:[&quot;body&quot;,&quot;total&quot;],&quot;msg&quot;:&quot;Field required&quot;,&quot;input&quot;:{&quot;outlet_id&quot;:&quot;outlet-sudirman&quot;,&quot;lines&quot;:[{&quot;product_id&quot;:&quot;p-2&quot;,&quot;name&quot;:&quot;Americano Ice&quot;,&quot;price&quot;:15500.0,&quot;quantity&quot;:1,&quot;merchant_id&quot;:&quot;m-barista&quot;}],&quot;payment_method&quot;:&quot;cash&quot;,&quot;paid_amount&quot;:15500.0,&quot;channel&quot;:&quot;pos&quot;},&quot;url&quot;:&quot;https://errors.pydantic.dev/2.13/v/missing&quot;}]}&#10;assert 422 == 200&#10; +  where 422 = &lt;Response [422]&gt;.status_code">backend/tests/test_iteration20_product_mgmt.py:322: in test_sale_creates_stock_movement
    assert rs.status_code == 200, rs.text
E   AssertionError: {"detail":[{"type":"missing","loc":["body","subtotal"],"msg":"Field required","input":{"outlet_id":"outlet-sudirman","lines":[{"product_id":"p-2","name":"Americano Ice","price":15500.0,"quantity":1,"merchant_id":"m-barista"}],"payment_method":"cash","paid_amount":15500.0,"channel":"pos"},"url":"https://errors.pydantic.dev/2.13/v/missing"},{"type":"missing","loc":["body","total"],"msg":"Field required","input":{"outlet_id":"outlet-sudirman","lines":[{"product_id":"p-2","name":"Americano Ice","price":15500.0,"quantity":1,"merchant_id":"m-barista"}],"payment_method":"cash","paid_amount":15500.0,"channel":"pos"},"url":"https://errors.pydantic.dev/2.13/v/missing"}]}
E   assert 422 == 200
E    +  where 422 = &lt;Response [422]&gt;.status_code</failure></testcase><testcase classname="tests.test_iteration20_product_mgmt.TestBatchCRegression" name="test_settings_sound_config" time="0.815" /><testcase classname="tests.test_iteration20_product_mgmt.TestShiftReportScope" name="test_shift_report_expenses_scoped" time="3.339" /></testsuite></testsuites>