<?xml version="1.0" encoding="utf-8"?><testsuites name="pytest tests"><testsuite name="pytest" errors="0" failures="0" skipped="1" tests="70" time="176.770" timestamp="2026-09-05T00:46:56.775720+00:00" hostname="agent-env-7a7733eb-f4b5-41a0-a93c-376a0582226d"><testcase classname="tests.test_iteration10_new_features.TestAuthLogin" name="test_all_roles_login" time="3.919" /><testcase classname="tests.test_iteration10_new_features.TestAuthLogin" name="test_vendor_has_merchant_id" time="1.076" /><testcase classname="tests.test_iteration10_new_features.TestPin" name="test_pin_generate_super_admin" time="2.076" /><testcase classname="tests.test_iteration10_new_features.TestPin" name="test_kasir_cannot_generate_pin" time="1.528" /><testcase classname="tests.test_iteration10_new_features.TestVoidSale" name="test_void_without_pin_fails" time="5.244" /><testcase classname="tests.test_iteration10_new_features.TestVoidSale" name="test_void_with_valid_pin_succeeds" time="2.733" /><testcase classname="tests.test_iteration10_new_features.TestVoidSale" name="test_void_already_voided" time="1.790" /><testcase classname="tests.test_iteration10_new_features.TestKasirHistory" name="test_kasir_history_returns_list" time="1.181" /><testcase classname="tests.test_iteration10_new_features.TestKasirHistory" name="test_vendor_forbidden_history" time="0.609" /><testcase classname="tests.test_iteration10_new_features.TestBankAccounts" name="test_crud_roundtrip" time="2.594" /><testcase classname="tests.test_iteration10_new_features.TestBankAccounts" name="test_kasir_cannot_write" time="0.609" /><testcase classname="tests.test_iteration10_new_features.TestSettings" name="test_qris_upsert_and_get" time="2.423" /><testcase classname="tests.test_iteration10_new_features.TestSettings" name="test_generic_setting_upsert_get" time="1.846" /><testcase classname="tests.test_iteration10_new_features.TestOutletIsolation" name="test_kasir_products_scoped" time="0.802" /><testcase classname="tests.test_iteration10_new_features.TestOutletIsolation" name="test_kasir_ignores_outlet_query_param" time="0.800" /><testcase classname="tests.test_iteration10_new_features.TestOutletIsolation" name="test_kasir_expenses_own_only" time="0.988" /><testcase classname="tests.test_iteration10_new_features.TestOutletIsolation" name="test_sales_scope_kasir_only_own_shift" time="0.989" /><testcase classname="tests.test_iteration10_new_features.TestShiftLock" name="test_sales_without_shift_returns_400" time="6.030" /><testcase classname="tests.test_iteration10_new_features.TestCashOpname" name="test_variance_computation" time="10.887" /><testcase classname="tests.test_iteration10_new_features.TestVendorScope" name="test_kds_orders_vendor_scoped" time="1.013" /><testcase classname="tests.test_iteration10_new_features.TestVendorScope" name="test_vendor_orders_scoped" time="1.028" /><testcase classname="tests.test_iteration10_new_features.TestSecurity" name="test_state_change_without_csrf_header_forbidden" time="0.987" /><testcase classname="tests.test_iteration10_new_features.TestSecurity" name="test_login_allowlisted_without_csrf_header" time="0.883" /><testcase classname="tests.test_iteration10_new_features.TestSecurity" name="test_self_order_allowlisted_without_csrf_header" time="0.702" /><testcase classname="tests.test_iteration10_new_features.TestSecurity" name="test_security_headers_present" time="0.060" /><testcase classname="tests.test_iteration11_feb2026.TestFeatureToggles" name="test_get_defaults_shape" time="2.517" /><testcase classname="tests.test_iteration11_feb2026.TestFeatureToggles" name="test_post_matrix_persists" time="1.824" /><testcase classname="tests.test_iteration11_feb2026.TestFeatureToggles" name="test_admin_cannot_save" time="1.930" /><testcase classname="tests.test_iteration11_feb2026.TestFeatureToggles" name="test_cleanup_reset_matrix" time="1.001" /><testcase classname="tests.test_iteration11_feb2026.TestProductVariants" name="test_variants_persisted" time="3.557" /><testcase classname="tests.test_iteration11_feb2026.TestProductVariants" name="test_sale_uses_variant_price" time="7.394" /><testcase classname="tests.test_iteration11_feb2026.TestProductVariants" name="test_sale_rejects_invalid_variant" time="1.998" /><testcase classname="tests.test_iteration11_feb2026.TestProductVariants" name="test_notes_truncated_at_200" time="3.317" /><testcase classname="tests.test_iteration11_feb2026.TestWhiteLabel" name="test_put_white_label_fields_persist" time="3.353" /><testcase classname="tests.test_iteration11_feb2026.TestWhiteLabel" name="test_branding_by_slug_ok" time="0.896" /><testcase classname="tests.test_iteration11_feb2026.TestWhiteLabel" name="test_branding_by_slug_404" time="0.678" /><testcase classname="tests.test_iteration11_feb2026.TestWhiteLabel" name="test_branding_current_super_admin" time="0.612" /><testcase classname="tests.test_iteration11_feb2026.TestWhiteLabel" name="test_branding_current_vendor" time="1.936" /><testcase classname="tests.test_iteration11_feb2026.TestSubscriptionEnforcement" name="test_suspend_blocks_vendor_login" time="4.566" /><testcase classname="tests.test_iteration11_feb2026.TestSubscriptionEnforcement" name="test_restore_active_allows_login" time="3.469" /><testcase classname="tests.test_iteration12_dashboard_tax.TestTaxConfig" name="test_tax_off_default" time="8.110" /><testcase classname="tests.test_iteration12_dashboard_tax.TestTaxConfig" name="test_tax_on_11_percent" time="4.142" /><testcase classname="tests.test_iteration12_dashboard_tax.TestTaxConfig" name="test_tax_config_reset_off" time="1.625" /><testcase classname="tests.test_iteration12_dashboard_tax.TestDashboardAnalytics" name="test_analytics_daily" time="2.503" /><testcase classname="tests.test_iteration12_dashboard_tax.TestDashboardAnalytics" name="test_analytics_hourly" time="1.382" /><testcase classname="tests.test_iteration12_dashboard_tax.TestDashboardAnalytics" name="test_analytics_outlet_all" time="1.394" /><testcase classname="tests.test_iteration12_dashboard_tax.TestDashboardAnalytics" name="test_analytics_single_outlet" time="1.762" /><testcase classname="tests.test_iteration12_dashboard_tax.TestDashboardAnalytics" name="test_analytics_kasir_ignores_outlet_param" time="1.201" /><testcase classname="tests.test_iteration12_dashboard_tax.TestDashboardBasic" name="test_dashboard_all_scope" time="2.759" /><testcase classname="tests.test_iteration13_notifications_selforder.TestNotifications" name="test_super_admin_aggregate_all_outlets" time="2.862" /><testcase classname="tests.test_iteration13_notifications_selforder.TestNotifications" name="test_sorted_newest_first" time="1.184" /><testcase classname="tests.test_iteration13_notifications_selforder.TestNotifications" name="test_scope_filter_outlet_id" time="1.559" /><testcase classname="tests.test_iteration13_notifications_selforder.TestNotifications" name="test_kasir_scoped_to_own_outlet" time="4.184" /><testcase classname="tests.test_iteration13_notifications_selforder.TestNotifications" name="test_max_items_bound" time="1.192" /><testcase classname="tests.test_iteration13_notifications_selforder.TestSelfOrderCustomerPhone" name="test_accepts_customer_phone" time="5.193" /><testcase classname="tests.test_iteration13_notifications_selforder.TestSelfOrderCustomerPhone" name="test_accept_variant_price_authoritative_and_notes_stored" time="5.174" /><testcase classname="tests.test_iteration13_notifications_selforder.TestSelfOrderCustomerPhone" name="test_missing_customer_name_rejected" time="0.211" /><testcase classname="tests.test_iteration15_pos_online_reject_selfservice.TestPOSOnlineOrdersBugFix" name="test_self_order_persists_with_pesanan_diterima_status" time="5.736" /><testcase classname="tests.test_iteration15_pos_online_reject_selfservice.TestPOSOnlineOrdersBugFix" name="test_kasir_pos_online_orders_sees_order_same_outlet" time="5.343" /><testcase classname="tests.test_iteration15_pos_online_reject_selfservice.TestPOSOnlineOrdersBugFix" name="test_kasir_does_not_see_other_outlet_orders" time="1.201"><skipped type="pytest.skip" message="no products at outlet-kemang">/app/backend/tests/test_iteration15_pos_online_reject_selfservice.py:138: no products at outlet-kemang</skipped></testcase><testcase classname="tests.test_iteration15_pos_online_reject_selfservice.TestSelfOrderReject" name="test_kasir_can_reject_and_notes_appended" time="5.470" /><testcase classname="tests.test_iteration15_pos_online_reject_selfservice.TestSelfOrderReject" name="test_reject_already_rejected_returns_400" time="6.697" /><testcase classname="tests.test_iteration15_pos_online_reject_selfservice.TestSelfOrderReject" name="test_reject_nonexistent_order_returns_404" time="0.837" /><testcase classname="tests.test_iteration15_pos_online_reject_selfservice.TestSelfServiceSettings" name="test_get_public_returns_all_keys" time="1.742" /><testcase classname="tests.test_iteration15_pos_online_reject_selfservice.TestSelfServiceSettings" name="test_super_admin_can_save" time="2.077" /><testcase classname="tests.test_iteration15_pos_online_reject_selfservice.TestSelfServiceSettings" name="test_admin_can_save" time="4.777" /><testcase classname="tests.test_iteration15_pos_online_reject_selfservice.TestSelfServiceSettings" name="test_kasir_forbidden" time="0.635" /><testcase classname="tests.test_iteration15_pos_online_reject_selfservice.TestSelfServiceSettings" name="test_vendor_forbidden" time="2.176" /><testcase classname="tests.test_iteration15_pos_online_reject_selfservice.TestPublicOutlets" name="test_public_outlets_no_auth" time="0.675" /><testcase classname="tests.test_iteration15_pos_online_reject_selfservice.TestShiftStatusPublic" name="test_shift_status_no_auth" time="1.028" /></testsuite></testsuites>