<?xml version="1.0" encoding="utf-8"?><testsuites name="pytest tests"><testsuite name="pytest" errors="0" failures="0" skipped="0" tests="25" time="54.654" timestamp="2026-09-04T12:59:56.343035+00:00" hostname="agent-env-7a7733eb-f4b5-41a0-a93c-376a0582226d"><testcase classname="tests.test_iteration10_new_features.TestAuthLogin" name="test_all_roles_login" time="3.731" /><testcase classname="tests.test_iteration10_new_features.TestAuthLogin" name="test_vendor_has_merchant_id" time="0.915" /><testcase classname="tests.test_iteration10_new_features.TestPin" name="test_pin_generate_super_admin" time="1.993" /><testcase classname="tests.test_iteration10_new_features.TestPin" name="test_kasir_cannot_generate_pin" time="1.620" /><testcase classname="tests.test_iteration10_new_features.TestVoidSale" name="test_void_without_pin_fails" time="7.354" /><testcase classname="tests.test_iteration10_new_features.TestVoidSale" name="test_void_with_valid_pin_succeeds" time="2.831" /><testcase classname="tests.test_iteration10_new_features.TestVoidSale" name="test_void_already_voided" time="1.858" /><testcase classname="tests.test_iteration10_new_features.TestKasirHistory" name="test_kasir_history_returns_list" time="1.210" /><testcase classname="tests.test_iteration10_new_features.TestKasirHistory" name="test_vendor_forbidden_history" time="0.645" /><testcase classname="tests.test_iteration10_new_features.TestBankAccounts" name="test_crud_roundtrip" time="2.723" /><testcase classname="tests.test_iteration10_new_features.TestBankAccounts" name="test_kasir_cannot_write" time="0.638" /><testcase classname="tests.test_iteration10_new_features.TestSettings" name="test_qris_upsert_and_get" time="2.531" /><testcase classname="tests.test_iteration10_new_features.TestSettings" name="test_generic_setting_upsert_get" time="1.860" /><testcase classname="tests.test_iteration10_new_features.TestOutletIsolation" name="test_kasir_products_scoped" time="1.021" /><testcase classname="tests.test_iteration10_new_features.TestOutletIsolation" name="test_kasir_ignores_outlet_query_param" time="0.824" /><testcase classname="tests.test_iteration10_new_features.TestOutletIsolation" name="test_kasir_expenses_own_only" time="1.022" /><testcase classname="tests.test_iteration10_new_features.TestOutletIsolation" name="test_sales_scope_kasir_only_own_shift" time="1.019" /><testcase classname="tests.test_iteration10_new_features.TestShiftLock" name="test_sales_without_shift_returns_400" time="5.769" /><testcase classname="tests.test_iteration10_new_features.TestCashOpname" name="test_variance_computation" time="10.837" /><testcase classname="tests.test_iteration10_new_features.TestVendorScope" name="test_kds_orders_vendor_scoped" time="1.045" /><testcase classname="tests.test_iteration10_new_features.TestVendorScope" name="test_vendor_orders_scoped" time="1.026" /><testcase classname="tests.test_iteration10_new_features.TestSecurity" name="test_state_change_without_csrf_header_forbidden" time="0.203" /><testcase classname="tests.test_iteration10_new_features.TestSecurity" name="test_login_allowlisted_without_csrf_header" time="0.920" /><testcase classname="tests.test_iteration10_new_features.TestSecurity" name="test_self_order_allowlisted_without_csrf_header" time="0.914" /><testcase classname="tests.test_iteration10_new_features.TestSecurity" name="test_security_headers_present" time="0.082" /></testsuite></testsuites>