<?xml version="1.0" encoding="utf-8"?><testsuites name="pytest tests"><testsuite name="pytest" errors="0" failures="0" skipped="0" tests="7" time="49.885" timestamp="2026-09-05T05:04:01.136659+00:00" hostname="agent-env-7a7733eb-f4b5-41a0-a93c-376a0582226d"><testcase classname="tests.test_iteration17_notif_pos_alignment.TestNotifPosAlignment" name="test_fresh_order_appears_in_both_endpoints" time="31.661" /><testcase classname="tests.test_iteration17_notif_pos_alignment.TestNotifPosAlignment" name="test_zero_divergence_notif_vs_pos_within_scope" time="2.044" /><testcase classname="tests.test_iteration17_notif_pos_alignment.TestNotifPosAlignment" name="test_accepted_order_removed_from_pos_still_ok_in_notif" time="8.931" /><testcase classname="tests.test_iteration17_notif_pos_alignment.TestNotifPosAlignment" name="test_pos_filter_excludes_diterima_selesai_ditolak" time="0.828" /><testcase classname="tests.test_iteration17_notif_pos_alignment.TestNotifPosAlignment" name="test_rbac_kasir_sees_only_own_outlet" time="0.824" /><testcase classname="tests.test_iteration17_notif_pos_alignment.TestNotifPosAlignment" name="test_super_admin_no_filter_sees_all_outlets" time="1.009" /><testcase classname="tests.test_iteration17_notif_pos_alignment.TestNotifPosAlignment" name="test_notification_order_id_shape" time="4.218" /></testsuite></testsuites>