<?xml version="1.0" encoding="utf-8"?><testsuites name="pytest tests"><testsuite name="pytest" errors="0" failures="0" skipped="0" tests="8" time="27.618" timestamp="2026-09-04T23:51:39.809592+00:00" hostname="agent-env-7a7733eb-f4b5-41a0-a93c-376a0582226d"><testcase classname="tests.test_iteration13_notifications_selforder.TestNotifications" name="test_super_admin_aggregate_all_outlets" time="15.162" /><testcase classname="tests.test_iteration13_notifications_selforder.TestNotifications" name="test_sorted_newest_first" time="1.233" /><testcase classname="tests.test_iteration13_notifications_selforder.TestNotifications" name="test_scope_filter_outlet_id" time="1.771" /><testcase classname="tests.test_iteration13_notifications_selforder.TestSelfOrderCustomerPhone" name="test_accepts_customer_phone" time="20.735" /><testcase classname="tests.test_iteration13_notifications_selforder.TestNotifications" name="test_kasir_scoped_to_own_outlet" time="4.140" /><testcase classname="tests.test_iteration13_notifications_selforder.TestSelfOrderCustomerPhone" name="test_accept_variant_price_authoritative_and_notes_stored" time="6.142" /><testcase classname="tests.test_iteration13_notifications_selforder.TestNotifications" name="test_max_items_bound" time="1.198" /><testcase classname="tests.test_iteration13_notifications_selforder.TestSelfOrderCustomerPhone" name="test_missing_customer_name_rejected" time="0.250" /></testsuite></testsuites>