<?xml version="1.0" encoding="utf-8"?><testsuites name="pytest tests"><testsuite name="pytest" errors="0" failures="1" skipped="0" tests="8" time="17.823" timestamp="2026-09-04T23:46:12.060013+00:00" hostname="agent-env-7a7733eb-f4b5-41a0-a93c-376a0582226d"><testcase classname="tests.test_iteration13_notifications_selforder.TestNotifications" name="test_super_admin_aggregate_all_outlets" time="2.766" /><testcase classname="tests.test_iteration13_notifications_selforder.TestNotifications" name="test_sorted_newest_first" time="1.212" /><testcase classname="tests.test_iteration13_notifications_selforder.TestNotifications" name="test_scope_filter_outlet_id" time="1.301" /><testcase classname="tests.test_iteration13_notifications_selforder.TestNotifications" name="test_kasir_scoped_to_own_outlet" time="4.219" /><testcase classname="tests.test_iteration13_notifications_selforder.TestNotifications" name="test_max_items_bound" time="1.217" /><testcase classname="tests.test_iteration13_notifications_selforder.TestSelfOrderCustomerPhone" name="test_accepts_customer_phone" time="3.789" /><testcase classname="tests.test_iteration13_notifications_selforder.TestSelfOrderCustomerPhone" name="test_accept_variant_price_authoritative_and_notes_stored" time="3.120"><failure message="Failed: BACKEND BUG: /api/self-order/{id}/accept rejects newly-created self-orders because default status is 'Pesanan Diterima' but accept allows only ('Menunggu kasir','Menunggu konfirmasi'). Fix: include 'Pesanan Diterima' in allowed statuses at server.py:1216.">backend/tests/test_iteration13_notifications_selforder.py:192: in test_accept_variant_price_authoritative_and_notes_stored
    pytest.fail(
E   Failed: BACKEND BUG: /api/self-order/{id}/accept rejects newly-created self-orders because default status is 'Pesanan Diterima' but accept allows only ('Menunggu kasir','Menunggu konfirmasi'). Fix: include 'Pesanan Diterima' in allowed statuses at server.py:1216.</failure></testcase><testcase classname="tests.test_iteration13_notifications_selforder.TestSelfOrderCustomerPhone" name="test_missing_customer_name_rejected" time="0.134" /></testsuite></testsuites>