<?xml version="1.0" encoding="utf-8"?><testsuites name="pytest tests"><testsuite name="pytest" errors="0" failures="0" skipped="1" tests="13" time="46.930" timestamp="2026-09-05T00:46:03.400263+00:00" hostname="agent-env-7a7733eb-f4b5-41a0-a93c-376a0582226d"><testcase classname="tests.test_iteration15_pos_online_reject_selfservice.TestPOSOnlineOrdersBugFix" name="test_self_order_persists_with_pesanan_diterima_status" time="23.998" /><testcase classname="tests.test_iteration15_pos_online_reject_selfservice.TestPOSOnlineOrdersBugFix" name="test_kasir_pos_online_orders_sees_order_same_outlet" time="3.298" /><testcase classname="tests.test_iteration15_pos_online_reject_selfservice.TestPOSOnlineOrdersBugFix" name="test_kasir_does_not_see_other_outlet_orders" time="0.797"><skipped type="pytest.skip" message="no products at outlet-kemang">/app/backend/tests/test_iteration15_pos_online_reject_selfservice.py:138: no products at outlet-kemang</skipped></testcase><testcase classname="tests.test_iteration15_pos_online_reject_selfservice.TestSelfOrderReject" name="test_kasir_can_reject_and_notes_appended" time="4.290" /><testcase classname="tests.test_iteration15_pos_online_reject_selfservice.TestSelfOrderReject" name="test_reject_already_rejected_returns_400" time="4.082" /><testcase classname="tests.test_iteration15_pos_online_reject_selfservice.TestSelfOrderReject" name="test_reject_nonexistent_order_returns_404" time="0.813" /><testcase classname="tests.test_iteration15_pos_online_reject_selfservice.TestSelfServiceSettings" name="test_get_public_returns_all_keys" time="0.858" /><testcase classname="tests.test_iteration15_pos_online_reject_selfservice.TestSelfServiceSettings" name="test_super_admin_can_save" time="1.874" /><testcase classname="tests.test_iteration15_pos_online_reject_selfservice.TestSelfServiceSettings" name="test_admin_can_save" time="2.565" /><testcase classname="tests.test_iteration15_pos_online_reject_selfservice.TestSelfServiceSettings" name="test_kasir_forbidden" time="0.621" /><testcase classname="tests.test_iteration15_pos_online_reject_selfservice.TestSelfServiceSettings" name="test_vendor_forbidden" time="1.888" /><testcase classname="tests.test_iteration15_pos_online_reject_selfservice.TestPublicOutlets" name="test_public_outlets_no_auth" time="0.930" /><testcase classname="tests.test_iteration15_pos_online_reject_selfservice.TestShiftStatusPublic" name="test_shift_status_no_auth" time="0.841" /></testsuite></testsuites>