<?xml version="1.0" encoding="utf-8"?><testsuites name="pytest tests"><testsuite name="pytest" errors="0" failures="1" skipped="0" tests="19" time="48.340" timestamp="2026-09-16T19:00:45.738131+00:00" hostname="agent-env-7a7733eb-f4b5-41a0-a93c-376a0582226d"><testcase classname="tests.test_iteration21_multitenant.TestGlobalProduct" name="test_super_admin_creates_global_product" time="4.793" /><testcase classname="tests.test_iteration21_multitenant.TestGlobalProduct" name="test_super_admin_creates_global_via_empty_string" time="1.429" /><testcase classname="tests.test_iteration21_multitenant.TestCreateUserOutletEnforcement" name="test_create_kasir_banda_saves_correct_outlet" time="8.827" /><testcase classname="tests.test_iteration21_multitenant.TestGlobalProduct" name="test_admin_cannot_create_global_product" time="2.030" /><testcase classname="tests.test_iteration21_multitenant.TestGlobalProduct" name="test_global_product_visible_in_outlet_a_list" time="0.719" /><testcase classname="tests.test_iteration21_multitenant.TestCreateUserOutletEnforcement" name="test_create_kasir_missing_outlet_400" time="0.664" /><testcase classname="tests.test_iteration21_multitenant.TestGlobalProduct" name="test_global_product_visible_in_outlet_b_list" time="0.744" /><testcase classname="tests.test_iteration21_multitenant.TestCreateUserOutletEnforcement" name="test_create_kasir_nonexistent_outlet_400" time="0.867" /><testcase classname="tests.test_iteration21_multitenant.TestOutletListScope" name="test_get_outlets_default_only_active" time="1.045" /><testcase classname="tests.test_iteration21_multitenant.TestCreateUserOutletEnforcement" name="test_create_kasir_deactivated_outlet_400" time="4.230" /><testcase classname="tests.test_iteration21_multitenant.TestOutletListScope" name="test_get_outlets_include_inactive_super_admin" time="1.715" /><testcase classname="tests.test_iteration21_multitenant.TestOutletListScope" name="test_get_outlets_include_inactive_ignored_for_non_super" time="2.100" /><testcase classname="tests.test_iteration21_multitenant.TestOutletSoftDeleteAndLoginCascade" name="test_soft_delete_cascade_and_login_blocked_and_reactivate" time="15.196" /><testcase classname="tests.test_iteration21_multitenant.TestRegression" name="test_dashboard_analytics" time="2.870" /><testcase classname="tests.test_iteration21_multitenant.TestRegression" name="test_settlement_payouts_list" time="1.069" /><testcase classname="tests.test_iteration21_multitenant.TestRegression" name="test_create_sale_writes_stock_movement" time="8.441"><failure message="AssertionError: {&quot;detail&quot;:[{&quot;type&quot;:&quot;missing&quot;,&quot;loc&quot;:[&quot;body&quot;,&quot;lines&quot;,0,&quot;name&quot;],&quot;msg&quot;:&quot;Field required&quot;,&quot;input&quot;:{&quot;product_id&quot;:&quot;p-2&quot;,&quot;quantity&quot;:1},&quot;url&quot;:&quot;https://errors.pydantic.dev/2.13/v/missing&quot;},{&quot;type&quot;:&quot;missing&quot;,&quot;loc&quot;:[&quot;body&quot;,&quot;lines&quot;,0,&quot;price&quot;],&quot;msg&quot;:&quot;Field required&quot;,&quot;input&quot;:{&quot;product_id&quot;:&quot;p-2&quot;,&quot;quantity&quot;:1},&quot;url&quot;:&quot;https://errors.pydantic.dev/2.13/v/missing&quot;},{&quot;type&quot;:&quot;missing&quot;,&quot;loc&quot;:[&quot;body&quot;,&quot;subtotal&quot;],&quot;msg&quot;:&quot;Field required&quot;,&quot;input&quot;:{&quot;table&quot;:&quot;T1&quot;,&quot;lines&quot;:[{&quot;product_id&quot;:&quot;p-2&quot;,&quot;quantity&quot;:1}],&quot;payment_method&quot;:&quot;Cash&quot;,&quot;cash_received&quot;:100000},&quot;url&quot;:&quot;https://errors.pydantic.dev/2.13/v/missing&quot;},{&quot;type&quot;:&quot;missing&quot;,&quot;loc&quot;:[&quot;body&quot;,&quot;total&quot;],&quot;msg&quot;:&quot;Field required&quot;,&quot;input&quot;:{&quot;table&quot;:&quot;T1&quot;,&quot;lines&quot;:[{&quot;product_id&quot;:&quot;p-2&quot;,&quot;quantity&quot;:1}],&quot;payment_method&quot;:&quot;Cash&quot;,&quot;cash_received&quot;:100000},&quot;url&quot;:&quot;https://errors.pydantic.dev/2.13/v/missing&quot;}]}&#10;assert 422 == 200&#10; +  where 422 = &lt;Response [422]&gt;.status_code">backend/tests/test_iteration21_multitenant.py:393: in test_create_sale_writes_stock_movement
    assert rsale.status_code == 200, rsale.text
E   AssertionError: {"detail":[{"type":"missing","loc":["body","lines",0,"name"],"msg":"Field required","input":{"product_id":"p-2","quantity":1},"url":"https://errors.pydantic.dev/2.13/v/missing"},{"type":"missing","loc":["body","lines",0,"price"],"msg":"Field required","input":{"product_id":"p-2","quantity":1},"url":"https://errors.pydantic.dev/2.13/v/missing"},{"type":"missing","loc":["body","subtotal"],"msg":"Field required","input":{"table":"T1","lines":[{"product_id":"p-2","quantity":1}],"payment_method":"Cash","cash_received":100000},"url":"https://errors.pydantic.dev/2.13/v/missing"},{"type":"missing","loc":["body","total"],"msg":"Field required","input":{"table":"T1","lines":[{"product_id":"p-2","quantity":1}],"payment_method":"Cash","cash_received":100000},"url":"https://errors.pydantic.dev/2.13/v/missing"}]}
E   assert 422 == 200
E    +  where 422 = &lt;Response [422]&gt;.status_code</failure></testcase><testcase classname="tests.test_iteration21_multitenant.TestOutletSoftDeleteAndLoginCascade" name="test_super_admin_login_immune_to_outlet_state" time="1.009" /><testcase classname="tests.test_iteration21_multitenant.TestShiftOpenOutletValidation" name="test_shift_open_with_deactivated_outlet_400" time="8.256" /><testcase classname="tests.test_iteration21_multitenant.TestShiftOpenOutletValidation" name="test_shift_open_normal_path" time="8.876" /></testsuite></testsuites>