<?xml version="1.0" encoding="utf-8"?><testsuites name="pytest tests"><testsuite name="pytest" errors="0" failures="6" skipped="0" tests="19" time="90.623" timestamp="2026-09-16T18:54:31.957205+00:00" hostname="agent-env-7a7733eb-f4b5-41a0-a93c-376a0582226d"><testcase classname="tests.test_iteration21_multitenant.TestCreateUserOutletEnforcement" name="test_create_kasir_banda_saves_correct_outlet" time="24.729" /><testcase classname="tests.test_iteration21_multitenant.TestCreateUserOutletEnforcement" name="test_create_kasir_missing_outlet_400" time="0.663" /><testcase classname="tests.test_iteration21_multitenant.TestCreateUserOutletEnforcement" name="test_create_kasir_nonexistent_outlet_400" time="1.016" /><testcase classname="tests.test_iteration21_multitenant.TestCreateUserOutletEnforcement" name="test_create_kasir_deactivated_outlet_400" time="4.415" /><testcase classname="tests.test_iteration21_multitenant.TestOutletSoftDeleteAndLoginCascade" name="test_soft_delete_cascade_and_login_blocked_and_reactivate" time="16.568" /><testcase classname="tests.test_iteration21_multitenant.TestOutletSoftDeleteAndLoginCascade" name="test_super_admin_login_immune_to_outlet_state" time="1.111" /><testcase classname="tests.test_iteration21_multitenant.TestShiftOpenOutletValidation" name="test_shift_open_with_deactivated_outlet_400" time="9.429" /><testcase classname="tests.test_iteration21_multitenant.TestShiftOpenOutletValidation" name="test_shift_open_normal_path" time="9.586" /><testcase classname="tests.test_iteration21_multitenant.TestOutletListScope" name="test_get_outlets_default_only_active" time="1.023" /><testcase classname="tests.test_iteration21_multitenant.TestOutletListScope" name="test_get_outlets_include_inactive_super_admin" time="2.048" /><testcase classname="tests.test_iteration21_multitenant.TestOutletListScope" name="test_get_outlets_include_inactive_ignored_for_non_super" time="2.265" /><testcase classname="tests.test_iteration21_multitenant.TestGlobalProduct" name="test_super_admin_creates_global_product" time="0.649"><failure message="AssertionError: {&quot;detail&quot;:[{&quot;type&quot;:&quot;string_type&quot;,&quot;loc&quot;:[&quot;body&quot;,&quot;outlet_id&quot;],&quot;msg&quot;:&quot;Input should be a valid string&quot;,&quot;input&quot;:null,&quot;url&quot;:&quot;https://errors.pydantic.dev/2.13/v/string_type&quot;}]}&#10;assert 422 == 200&#10; +  where 422 = &lt;Response [422]&gt;.status_code">backend/tests/test_iteration21_multitenant.py:308: in test_super_admin_creates_global_product
    assert r.status_code == 200, r.text
E   AssertionError: {"detail":[{"type":"string_type","loc":["body","outlet_id"],"msg":"Input should be a valid string","input":null,"url":"https://errors.pydantic.dev/2.13/v/string_type"}]}
E   assert 422 == 200
E    +  where 422 = &lt;Response [422]&gt;.status_code</failure></testcase><testcase classname="tests.test_iteration21_multitenant.TestGlobalProduct" name="test_super_admin_creates_global_via_empty_string" time="1.807"><failure message="AssertionError: assert 'outlet-sudirman' in (None, '')">backend/tests/test_iteration21_multitenant.py:320: in test_super_admin_creates_global_via_empty_string
    assert r.json()["outlet_id"] in (None, "")
E   AssertionError: assert 'outlet-sudirman' in (None, '')</failure></testcase><testcase classname="tests.test_iteration21_multitenant.TestGlobalProduct" name="test_admin_cannot_create_global_product" time="2.002"><failure message="AssertionError: Admin global-product create should be blocked, got 422 {&quot;detail&quot;:[{&quot;type&quot;:&quot;string_type&quot;,&quot;loc&quot;:[&quot;body&quot;,&quot;outlet_id&quot;],&quot;msg&quot;:&quot;Input should be a valid string&quot;,&quot;input&quot;:null,&quot;url&quot;:&quot;https://errors.pydantic.dev/2.13/v/string_type&quot;}]}&#10;assert 422 == 400&#10; +  where 422 = &lt;Response [422]&gt;.status_code">backend/tests/test_iteration21_multitenant.py:333: in test_admin_cannot_create_global_product
    assert r2.status_code == 400, (
E   AssertionError: Admin global-product create should be blocked, got 422 {"detail":[{"type":"string_type","loc":["body","outlet_id"],"msg":"Input should be a valid string","input":null,"url":"https://errors.pydantic.dev/2.13/v/string_type"}]}
E   assert 422 == 400
E    +  where 422 = &lt;Response [422]&gt;.status_code</failure></testcase><testcase classname="tests.test_iteration21_multitenant.TestGlobalProduct" name="test_global_product_visible_in_outlet_a_list" time="0.995"><failure message="AssertionError: Global product NOT visible in outlet A list&#10;assert None in []&#10; +  where None = TestGlobalProduct._global_pid">backend/tests/test_iteration21_multitenant.py:343: in test_global_product_visible_in_outlet_a_list
    assert TestGlobalProduct._global_pid in ids, "Global product NOT visible in outlet A list"
E   AssertionError: Global product NOT visible in outlet A list
E   assert None in []
E    +  where None = TestGlobalProduct._global_pid</failure></testcase><testcase classname="tests.test_iteration21_multitenant.TestGlobalProduct" name="test_global_product_visible_in_outlet_b_list" time="0.927"><failure message="AssertionError: Global product NOT visible in outlet B list&#10;assert None in ['p-2', 'p-5', 'p-1', 'p-6', '9f893835-5288-4f8d-8e14-c63220f71cfa', 'p-3', ...]&#10; +  where None = TestGlobalProduct._global_pid">backend/tests/test_iteration21_multitenant.py:349: in test_global_product_visible_in_outlet_b_list
    assert TestGlobalProduct._global_pid in ids, "Global product NOT visible in outlet B list"
E   AssertionError: Global product NOT visible in outlet B list
E   assert None in ['p-2', 'p-5', 'p-1', 'p-6', '9f893835-5288-4f8d-8e14-c63220f71cfa', 'p-3', ...]
E    +  where None = TestGlobalProduct._global_pid</failure></testcase><testcase classname="tests.test_iteration21_multitenant.TestRegression" name="test_dashboard_analytics" time="2.544" /><testcase classname="tests.test_iteration21_multitenant.TestRegression" name="test_settlement_payouts_list" time="1.224" /><testcase classname="tests.test_iteration21_multitenant.TestRegression" name="test_create_sale_writes_stock_movement" time="7.508"><failure message="AssertionError: {&quot;detail&quot;:[{&quot;type&quot;:&quot;missing&quot;,&quot;loc&quot;:[&quot;body&quot;,&quot;lines&quot;,0,&quot;name&quot;],&quot;msg&quot;:&quot;Field required&quot;,&quot;input&quot;:{&quot;product_id&quot;:&quot;p-2&quot;,&quot;quantity&quot;:1},&quot;url&quot;:&quot;https://errors.pydantic.dev/2.13/v/missing&quot;},{&quot;type&quot;:&quot;missing&quot;,&quot;loc&quot;:[&quot;body&quot;,&quot;lines&quot;,0,&quot;price&quot;],&quot;msg&quot;:&quot;Field required&quot;,&quot;input&quot;:{&quot;product_id&quot;:&quot;p-2&quot;,&quot;quantity&quot;:1},&quot;url&quot;:&quot;https://errors.pydantic.dev/2.13/v/missing&quot;},{&quot;type&quot;:&quot;missing&quot;,&quot;loc&quot;:[&quot;body&quot;,&quot;subtotal&quot;],&quot;msg&quot;:&quot;Field required&quot;,&quot;input&quot;:{&quot;table&quot;:&quot;T1&quot;,&quot;lines&quot;:[{&quot;product_id&quot;:&quot;p-2&quot;,&quot;quantity&quot;:1}],&quot;payment_method&quot;:&quot;Cash&quot;,&quot;cash_received&quot;:100000},&quot;url&quot;:&quot;https://errors.pydantic.dev/2.13/v/missing&quot;},{&quot;type&quot;:&quot;missing&quot;,&quot;loc&quot;:[&quot;body&quot;,&quot;total&quot;],&quot;msg&quot;:&quot;Field required&quot;,&quot;input&quot;:{&quot;table&quot;:&quot;T1&quot;,&quot;lines&quot;:[{&quot;product_id&quot;:&quot;p-2&quot;,&quot;quantity&quot;:1}],&quot;payment_method&quot;:&quot;Cash&quot;,&quot;cash_received&quot;:100000},&quot;url&quot;:&quot;https://errors.pydantic.dev/2.13/v/missing&quot;}]}&#10;assert 422 == 200&#10; +  where 422 = &lt;Response [422]&gt;.status_code">backend/tests/test_iteration21_multitenant.py:393: in test_create_sale_writes_stock_movement
    assert rsale.status_code == 200, rsale.text
E   AssertionError: {"detail":[{"type":"missing","loc":["body","lines",0,"name"],"msg":"Field required","input":{"product_id":"p-2","quantity":1},"url":"https://errors.pydantic.dev/2.13/v/missing"},{"type":"missing","loc":["body","lines",0,"price"],"msg":"Field required","input":{"product_id":"p-2","quantity":1},"url":"https://errors.pydantic.dev/2.13/v/missing"},{"type":"missing","loc":["body","subtotal"],"msg":"Field required","input":{"table":"T1","lines":[{"product_id":"p-2","quantity":1}],"payment_method":"Cash","cash_received":100000},"url":"https://errors.pydantic.dev/2.13/v/missing"},{"type":"missing","loc":["body","total"],"msg":"Field required","input":{"table":"T1","lines":[{"product_id":"p-2","quantity":1}],"payment_method":"Cash","cash_received":100000},"url":"https://errors.pydantic.dev/2.13/v/missing"}]}
E   assert 422 == 200
E    +  where 422 = &lt;Response [422]&gt;.status_code</failure></testcase></testsuite></testsuites>