<?xml version="1.0" encoding="utf-8"?><testsuites name="pytest tests"><testsuite name="pytest" errors="0" failures="0" skipped="0" tests="4" time="53.006" timestamp="2026-09-05T05:45:29.197672+00:00" hostname="agent-env-7a7733eb-f4b5-41a0-a93c-376a0582226d"><testcase classname="tests.test_iteration18_selforder_concurrency.TestConcurrentReject" name="test_only_one_reject_wins" time="30.472" /><testcase classname="tests.test_iteration18_selforder_concurrency.TestConcurrentAccept" name="test_only_one_accept_wins_and_one_sale" time="33.314" /><testcase classname="tests.test_iteration18_selforder_concurrency.TestSequentialAcceptIdempotent" name="test_second_accept_returns_409" time="8.189" /><testcase classname="tests.test_iteration18_selforder_concurrency.TestRollbackOnShiftClosed" name="test_rollback_status_on_shift_closed" time="19.361" /></testsuite></testsuites>