<?xml version="1.0" encoding="utf-8"?><testsuites name="pytest tests"><testsuite name="pytest" errors="0" failures="0" skipped="1" tests="84" time="205.691" timestamp="2026-09-05T05:07:16.952695+00:00" hostname="agent-env-7a7733eb-f4b5-41a0-a93c-376a0582226d"><testcase classname="tests.test_iteration10_new_features.TestAuthLogin" name="test_all_roles_login" time="3.932" /><testcase classname="tests.test_iteration10_new_features.TestAuthLogin" name="test_vendor_has_merchant_id" time="1.099" /><testcase classname="tests.test_iteration10_new_features.TestPin" name="test_pin_generate_super_admin" time="1.928" /><testcase classname="tests.test_iteration10_new_features.TestPin" name="test_kasir_cannot_generate_pin" time="1.553" /><testcase classname="tests.test_iteration10_new_features.TestVoidSale" name="test_void_without_pin_fails" time="5.893" /><testcase classname="tests.test_iteration10_new_features.TestVoidSale" name="test_void_with_valid_pin_succeeds" time="3.159" /><testcase classname="tests.test_iteration10_new_features.TestVoidSale" name="test_void_already_voided" time="1.813" /><testcase classname="tests.test_iteration10_new_features.TestKasirHistory" name="test_kasir_history_returns_list" time="1.824" /><testcase classname="tests.test_iteration10_new_features.TestKasirHistory" name="test_vendor_forbidden_history" time="0.616" /><testcase classname="tests.test_iteration10_new_features.TestBankAccounts" name="test_crud_roundtrip" time="2.627" /><testcase classname="tests.test_iteration10_new_features.TestBankAccounts" name="test_kasir_cannot_write" time="0.638" /><testcase classname="tests.test_iteration10_new_features.TestSettings" name="test_qris_upsert_and_get" time="2.727" /><testcase classname="tests.test_iteration10_new_features.TestSettings" name="test_generic_setting_upsert_get" time="2.056" /><testcase classname="tests.test_iteration10_new_features.TestOutletIsolation" name="test_kasir_products_scoped" time="0.806" /><testcase classname="tests.test_iteration10_new_features.TestOutletIsolation" name="test_kasir_ignores_outlet_query_param" time="0.820" /><testcase classname="tests.test_iteration10_new_features.TestOutletIsolation" name="test_kasir_expenses_own_only" time="0.817" /><testcase classname="tests.test_iteration10_new_features.TestOutletIsolation" name="test_sales_scope_kasir_only_own_shift" time="1.008" /><testcase classname="tests.test_iteration10_new_features.TestShiftLock" name="test_sales_without_shift_returns_400" time="5.144" /><testcase classname="tests.test_iteration10_new_features.TestCashOpname" name="test_variance_computation" time="10.447" /><testcase classname="tests.test_iteration10_new_features.TestVendorScope" name="test_kds_orders_vendor_scoped" time="1.584" /><testcase classname="tests.test_iteration10_new_features.TestVendorScope" name="test_vendor_orders_scoped" time="1.179" /><testcase classname="tests.test_iteration10_new_features.TestSecurity" name="test_state_change_without_csrf_header_forbidden" time="0.261" /><testcase classname="tests.test_iteration10_new_features.TestSecurity" name="test_login_allowlisted_without_csrf_header" time="0.915" /><testcase classname="tests.test_iteration10_new_features.TestSecurity" name="test_self_order_allowlisted_without_csrf_header" time="0.659" /><testcase classname="tests.test_iteration10_new_features.TestSecurity" name="test_security_headers_present" time="0.049" /><testcase classname="tests.test_iteration11_feb2026.TestFeatureToggles" name="test_get_defaults_shape" time="2.349" /><testcase classname="tests.test_iteration11_feb2026.TestFeatureToggles" name="test_post_matrix_persists" time="1.827" /><testcase classname="tests.test_iteration11_feb2026.TestFeatureToggles" name="test_admin_cannot_save" time="1.581" /><testcase classname="tests.test_iteration11_feb2026.TestFeatureToggles" name="test_cleanup_reset_matrix" time="0.992" /><testcase classname="tests.test_iteration11_feb2026.TestProductVariants" name="test_variants_persisted" time="3.398" /><testcase classname="tests.test_iteration11_feb2026.TestProductVariants" name="test_sale_uses_variant_price" time="6.635" /><testcase classname="tests.test_iteration11_feb2026.TestProductVariants" name="test_sale_rejects_invalid_variant" time="1.995" /><testcase classname="tests.test_iteration11_feb2026.TestProductVariants" name="test_notes_truncated_at_200" time="3.133" /><testcase classname="tests.test_iteration11_feb2026.TestWhiteLabel" name="test_put_white_label_fields_persist" time="3.005" /><testcase classname="tests.test_iteration11_feb2026.TestWhiteLabel" name="test_branding_by_slug_ok" time="0.932" /><testcase classname="tests.test_iteration11_feb2026.TestWhiteLabel" name="test_branding_by_slug_404" time="0.670" /><testcase classname="tests.test_iteration11_feb2026.TestWhiteLabel" name="test_branding_current_super_admin" time="0.631" /><testcase classname="tests.test_iteration11_feb2026.TestWhiteLabel" name="test_branding_current_vendor" time="1.896" /><testcase classname="tests.test_iteration11_feb2026.TestSubscriptionEnforcement" name="test_suspend_blocks_vendor_login" time="3.062" /><testcase classname="tests.test_iteration11_feb2026.TestSubscriptionEnforcement" name="test_restore_active_allows_login" time="3.471" /><testcase classname="tests.test_iteration12_dashboard_tax.TestTaxConfig" name="test_tax_off_default" time="6.579" /><testcase classname="tests.test_iteration12_dashboard_tax.TestTaxConfig" name="test_tax_on_11_percent" time="3.975" /><testcase classname="tests.test_iteration12_dashboard_tax.TestTaxConfig" name="test_tax_config_reset_off" time="1.611" /><testcase classname="tests.test_iteration12_dashboard_tax.TestDashboardAnalytics" name="test_analytics_daily" time="2.512" /><testcase classname="tests.test_iteration12_dashboard_tax.TestDashboardAnalytics" name="test_analytics_hourly" time="2.527" /><testcase classname="tests.test_iteration12_dashboard_tax.TestDashboardAnalytics" name="test_analytics_outlet_all" time="1.941" /><testcase classname="tests.test_iteration12_dashboard_tax.TestDashboardAnalytics" name="test_analytics_single_outlet" time="1.198" /><testcase classname="tests.test_iteration12_dashboard_tax.TestDashboardAnalytics" name="test_analytics_kasir_ignores_outlet_param" time="2.141" /><testcase classname="tests.test_iteration12_dashboard_tax.TestDashboardBasic" name="test_dashboard_all_scope" time="2.772" /><testcase classname="tests.test_iteration13_notifications_selforder.TestNotifications" name="test_super_admin_aggregate_all_outlets" time="2.144" /><testcase classname="tests.test_iteration13_notifications_selforder.TestNotifications" name="test_sorted_newest_first" time="1.586" /><testcase classname="tests.test_iteration13_notifications_selforder.TestNotifications" name="test_scope_filter_outlet_id" time="1.194" /><testcase classname="tests.test_iteration13_notifications_selforder.TestNotifications" name="test_kasir_scoped_to_own_outlet" time="4.113" /><testcase classname="tests.test_iteration13_notifications_selforder.TestNotifications" name="test_max_items_bound" time="1.218" /><testcase classname="tests.test_iteration13_notifications_selforder.TestSelfOrderCustomerPhone" name="test_accepts_customer_phone" time="2.980" /><testcase classname="tests.test_iteration13_notifications_selforder.TestSelfOrderCustomerPhone" name="test_accept_variant_price_authoritative_and_notes_stored" time="4.779" /><testcase classname="tests.test_iteration13_notifications_selforder.TestSelfOrderCustomerPhone" name="test_missing_customer_name_rejected" time="0.171" /><testcase classname="tests.test_iteration15_pos_online_reject_selfservice.TestPOSOnlineOrdersBugFix" name="test_self_order_persists_with_pesanan_diterima_status" time="4.838" /><testcase classname="tests.test_iteration15_pos_online_reject_selfservice.TestPOSOnlineOrdersBugFix" name="test_kasir_pos_online_orders_sees_order_same_outlet" time="3.094" /><testcase classname="tests.test_iteration15_pos_online_reject_selfservice.TestPOSOnlineOrdersBugFix" name="test_kasir_does_not_see_other_outlet_orders" time="0.806"><skipped type="pytest.skip" message="no products at outlet-kemang">/app/backend/tests/test_iteration15_pos_online_reject_selfservice.py:138: no products at outlet-kemang</skipped></testcase><testcase classname="tests.test_iteration15_pos_online_reject_selfservice.TestSelfOrderReject" name="test_kasir_can_reject_and_notes_appended" time="4.089" /><testcase classname="tests.test_iteration15_pos_online_reject_selfservice.TestSelfOrderReject" name="test_reject_already_rejected_returns_400" time="4.329" /><testcase classname="tests.test_iteration15_pos_online_reject_selfservice.TestSelfOrderReject" name="test_reject_nonexistent_order_returns_404" time="0.809" /><testcase classname="tests.test_iteration15_pos_online_reject_selfservice.TestSelfServiceSettings" name="test_get_public_returns_all_keys" time="0.726" /><testcase classname="tests.test_iteration15_pos_online_reject_selfservice.TestSelfServiceSettings" name="test_super_admin_can_save" time="1.701" /><testcase classname="tests.test_iteration15_pos_online_reject_selfservice.TestSelfServiceSettings" name="test_admin_can_save" time="2.626" /><testcase classname="tests.test_iteration15_pos_online_reject_selfservice.TestSelfServiceSettings" name="test_kasir_forbidden" time="0.633" /><testcase classname="tests.test_iteration15_pos_online_reject_selfservice.TestSelfServiceSettings" name="test_vendor_forbidden" time="1.730" /><testcase classname="tests.test_iteration15_pos_online_reject_selfservice.TestPublicOutlets" name="test_public_outlets_no_auth" time="0.712" /><testcase classname="tests.test_iteration15_pos_online_reject_selfservice.TestShiftStatusPublic" name="test_shift_status_no_auth" time="0.961" /><testcase classname="tests.test_iteration16_shift_open_bug.TestShiftOpenBug" name="test_00_cleanup_any_open_shift" time="4.515" /><testcase classname="tests.test_iteration16_shift_open_bug.TestShiftOpenBug" name="test_01_open_shift_clean_payload_success" time="2.215" /><testcase classname="tests.test_iteration16_shift_open_bug.TestShiftOpenBug" name="test_02_current_returns_open_shift" time="0.816" /><testcase classname="tests.test_iteration16_shift_open_bug.TestShiftOpenBug" name="test_03_open_when_already_open_returns_400_aktif" time="0.825" /><testcase classname="tests.test_iteration16_shift_open_bug.TestShiftOpenBug" name="test_04_cannot_spoof_cashier_or_outlet" time="4.372" /><testcase classname="tests.test_iteration16_shift_open_bug.TestShiftOpenBug" name="test_05_close_then_reopen" time="4.376" /><testcase classname="tests.test_iteration16_shift_open_bug.TestShiftOpenBug" name="test_99_cleanup" time="2.793" /><testcase classname="tests.test_iteration17_notif_pos_alignment.TestNotifPosAlignment" name="test_fresh_order_appears_in_both_endpoints" time="9.622" /><testcase classname="tests.test_iteration17_notif_pos_alignment.TestNotifPosAlignment" name="test_zero_divergence_notif_vs_pos_within_scope" time="2.026" /><testcase classname="tests.test_iteration17_notif_pos_alignment.TestNotifPosAlignment" name="test_accepted_order_removed_from_pos_still_ok_in_notif" time="7.519" /><testcase classname="tests.test_iteration17_notif_pos_alignment.TestNotifPosAlignment" name="test_pos_filter_excludes_diterima_selesai_ditolak" time="0.847" /><testcase classname="tests.test_iteration17_notif_pos_alignment.TestNotifPosAlignment" name="test_rbac_kasir_sees_only_own_outlet" time="1.007" /><testcase classname="tests.test_iteration17_notif_pos_alignment.TestNotifPosAlignment" name="test_super_admin_no_filter_sees_all_outlets" time="1.010" /><testcase classname="tests.test_iteration17_notif_pos_alignment.TestNotifPosAlignment" name="test_notification_order_id_shape" time="4.002" /></testsuite></testsuites>