<?xml version="1.0" encoding="utf-8"?><testsuites name="pytest tests"><testsuite name="pytest" errors="0" failures="0" skipped="0" tests="49" time="113.756" timestamp="2026-09-04T23:46:40.862290+00:00" hostname="agent-env-7a7733eb-f4b5-41a0-a93c-376a0582226d"><testcase classname="tests.test_iteration10_new_features.TestAuthLogin" name="test_all_roles_login" time="4.168" /><testcase classname="tests.test_iteration10_new_features.TestAuthLogin" name="test_vendor_has_merchant_id" time="1.103" /><testcase classname="tests.test_iteration10_new_features.TestPin" name="test_pin_generate_super_admin" time="2.332" /><testcase classname="tests.test_iteration10_new_features.TestPin" name="test_kasir_cannot_generate_pin" time="1.539" /><testcase classname="tests.test_iteration10_new_features.TestVoidSale" name="test_void_without_pin_fails" time="5.308" /><testcase classname="tests.test_iteration10_new_features.TestVoidSale" name="test_void_with_valid_pin_succeeds" time="2.788" /><testcase classname="tests.test_iteration10_new_features.TestVoidSale" name="test_void_already_voided" time="1.813" /><testcase classname="tests.test_iteration10_new_features.TestKasirHistory" name="test_kasir_history_returns_list" time="1.214" /><testcase classname="tests.test_iteration10_new_features.TestKasirHistory" name="test_vendor_forbidden_history" time="0.679" /><testcase classname="tests.test_iteration10_new_features.TestBankAccounts" name="test_crud_roundtrip" time="2.649" /><testcase classname="tests.test_iteration10_new_features.TestBankAccounts" name="test_kasir_cannot_write" time="0.621" /><testcase classname="tests.test_iteration10_new_features.TestSettings" name="test_qris_upsert_and_get" time="2.426" /><testcase classname="tests.test_iteration10_new_features.TestSettings" name="test_generic_setting_upsert_get" time="1.844" /><testcase classname="tests.test_iteration10_new_features.TestOutletIsolation" name="test_kasir_products_scoped" time="0.816" /><testcase classname="tests.test_iteration10_new_features.TestOutletIsolation" name="test_kasir_ignores_outlet_query_param" time="0.812" /><testcase classname="tests.test_iteration10_new_features.TestOutletIsolation" name="test_kasir_expenses_own_only" time="1.008" /><testcase classname="tests.test_iteration10_new_features.TestOutletIsolation" name="test_sales_scope_kasir_only_own_shift" time="1.000" /><testcase classname="tests.test_iteration10_new_features.TestShiftLock" name="test_sales_without_shift_returns_400" time="6.118" /><testcase classname="tests.test_iteration10_new_features.TestCashOpname" name="test_variance_computation" time="10.989" /><testcase classname="tests.test_iteration10_new_features.TestVendorScope" name="test_kds_orders_vendor_scoped" time="1.020" /><testcase classname="tests.test_iteration10_new_features.TestVendorScope" name="test_vendor_orders_scoped" time="1.014" /><testcase classname="tests.test_iteration10_new_features.TestSecurity" name="test_state_change_without_csrf_header_forbidden" time="0.159" /><testcase classname="tests.test_iteration10_new_features.TestSecurity" name="test_login_allowlisted_without_csrf_header" time="0.897" /><testcase classname="tests.test_iteration10_new_features.TestSecurity" name="test_self_order_allowlisted_without_csrf_header" time="0.718" /><testcase classname="tests.test_iteration10_new_features.TestSecurity" name="test_security_headers_present" time="0.075" /><testcase classname="tests.test_iteration11_feb2026.TestFeatureToggles" name="test_get_defaults_shape" time="2.554" /><testcase classname="tests.test_iteration11_feb2026.TestFeatureToggles" name="test_post_matrix_persists" time="1.851" /><testcase classname="tests.test_iteration11_feb2026.TestFeatureToggles" name="test_admin_cannot_save" time="1.558" /><testcase classname="tests.test_iteration11_feb2026.TestFeatureToggles" name="test_cleanup_reset_matrix" time="1.015" /><testcase classname="tests.test_iteration11_feb2026.TestProductVariants" name="test_variants_persisted" time="3.607" /><testcase classname="tests.test_iteration11_feb2026.TestProductVariants" name="test_sale_uses_variant_price" time="6.688" /><testcase classname="tests.test_iteration11_feb2026.TestProductVariants" name="test_sale_rejects_invalid_variant" time="2.006" /><testcase classname="tests.test_iteration11_feb2026.TestProductVariants" name="test_notes_truncated_at_200" time="3.340" /><testcase classname="tests.test_iteration11_feb2026.TestWhiteLabel" name="test_put_white_label_fields_persist" time="3.414" /><testcase classname="tests.test_iteration11_feb2026.TestWhiteLabel" name="test_branding_by_slug_ok" time="0.908" /><testcase classname="tests.test_iteration11_feb2026.TestWhiteLabel" name="test_branding_by_slug_404" time="0.676" /><testcase classname="tests.test_iteration11_feb2026.TestWhiteLabel" name="test_branding_current_super_admin" time="0.629" /><testcase classname="tests.test_iteration11_feb2026.TestWhiteLabel" name="test_branding_current_vendor" time="1.941" /><testcase classname="tests.test_iteration11_feb2026.TestSubscriptionEnforcement" name="test_suspend_blocks_vendor_login" time="3.081" /><testcase classname="tests.test_iteration11_feb2026.TestSubscriptionEnforcement" name="test_restore_active_allows_login" time="3.559" /><testcase classname="tests.test_iteration12_dashboard_tax.TestTaxConfig" name="test_tax_off_default" time="7.073" /><testcase classname="tests.test_iteration12_dashboard_tax.TestTaxConfig" name="test_tax_on_11_percent" time="4.187" /><testcase classname="tests.test_iteration12_dashboard_tax.TestTaxConfig" name="test_tax_config_reset_off" time="1.674" /><testcase classname="tests.test_iteration12_dashboard_tax.TestDashboardAnalytics" name="test_analytics_daily" time="2.220" /><testcase classname="tests.test_iteration12_dashboard_tax.TestDashboardAnalytics" name="test_analytics_hourly" time="1.479" /><testcase classname="tests.test_iteration12_dashboard_tax.TestDashboardAnalytics" name="test_analytics_outlet_all" time="1.448" /><testcase classname="tests.test_iteration12_dashboard_tax.TestDashboardAnalytics" name="test_analytics_single_outlet" time="1.608" /><testcase classname="tests.test_iteration12_dashboard_tax.TestDashboardAnalytics" name="test_analytics_kasir_ignores_outlet_param" time="1.222" /><testcase classname="tests.test_iteration12_dashboard_tax.TestDashboardBasic" name="test_dashboard_all_scope" time="2.826" /></testsuite></testsuites>