<?xml version="1.0" encoding="utf-8"?><testsuites name="pytest tests"><testsuite name="pytest" errors="0" failures="0" skipped="0" tests="57" time="87.825" timestamp="2026-09-04T23:52:36.745582+00:00" hostname="agent-env-7a7733eb-f4b5-41a0-a93c-376a0582226d"><testcase classname="tests.test_iteration12_dashboard_tax.TestDashboardAnalytics" name="test_analytics_daily" time="3.371" /><testcase classname="tests.test_iteration11_feb2026.TestWhiteLabel" name="test_put_white_label_fields_persist" time="5.889" /><testcase classname="tests.test_iteration12_dashboard_tax.TestDashboardAnalytics" name="test_analytics_hourly" time="1.591" /><testcase classname="tests.test_iteration12_dashboard_tax.TestDashboardAnalytics" name="test_analytics_outlet_all" time="1.393" /><testcase classname="tests.test_iteration11_feb2026.TestWhiteLabel" name="test_branding_by_slug_ok" time="0.940" /><testcase classname="tests.test_iteration12_dashboard_tax.TestDashboardAnalytics" name="test_analytics_single_outlet" time="1.764" /><testcase classname="tests.test_iteration11_feb2026.TestWhiteLabel" name="test_branding_by_slug_404" time="0.683" /><testcase classname="tests.test_iteration11_feb2026.TestWhiteLabel" name="test_branding_current_super_admin" time="0.649" /><testcase classname="tests.test_iteration11_feb2026.TestWhiteLabel" name="test_branding_current_vendor" time="2.732" /><testcase classname="tests.test_iteration12_dashboard_tax.TestDashboardAnalytics" name="test_analytics_kasir_ignores_outlet_param" time="4.471" /><testcase classname="tests.test_iteration10_new_features.TestOutletIsolation" name="test_kasir_products_scoped" time="1.956" /><testcase classname="tests.test_iteration10_new_features.TestOutletIsolation" name="test_kasir_ignores_outlet_query_param" time="1.025" /><testcase classname="tests.test_iteration13_notifications_selforder.TestNotifications" name="test_super_admin_aggregate_all_outlets" time="2.469" /><testcase classname="tests.test_iteration10_new_features.TestOutletIsolation" name="test_kasir_expenses_own_only" time="1.004" /><testcase classname="tests.test_iteration10_new_features.TestOutletIsolation" name="test_sales_scope_kasir_only_own_shift" time="1.395" /><testcase classname="tests.test_iteration13_notifications_selforder.TestNotifications" name="test_sorted_newest_first" time="1.193" /><testcase classname="tests.test_iteration13_notifications_selforder.TestNotifications" name="test_scope_filter_outlet_id" time="1.812" /><testcase classname="tests.test_iteration10_new_features.TestSecurity" name="test_state_change_without_csrf_header_forbidden" time="1.034" /><testcase classname="tests.test_iteration10_new_features.TestSecurity" name="test_login_allowlisted_without_csrf_header" time="0.904" /><testcase classname="tests.test_iteration10_new_features.TestSecurity" name="test_self_order_allowlisted_without_csrf_header" time="1.894" /><testcase classname="tests.test_iteration13_notifications_selforder.TestNotifications" name="test_kasir_scoped_to_own_outlet" time="4.219" /><testcase classname="tests.test_iteration10_new_features.TestSecurity" name="test_security_headers_present" time="0.072" /><testcase classname="tests.test_iteration13_notifications_selforder.TestNotifications" name="test_max_items_bound" time="1.190" /><testcase classname="tests.test_iteration11_feb2026.TestProductVariants" name="test_variants_persisted" time="5.416" /><testcase classname="tests.test_iteration11_feb2026.TestFeatureToggles" name="test_get_defaults_shape" time="2.540" /><testcase classname="tests.test_iteration11_feb2026.TestFeatureToggles" name="test_post_matrix_persists" time="2.063" /><testcase classname="tests.test_iteration11_feb2026.TestProductVariants" name="test_sale_uses_variant_price" time="5.480" /><testcase classname="tests.test_iteration11_feb2026.TestFeatureToggles" name="test_admin_cannot_save" time="1.553" /><testcase classname="tests.test_iteration11_feb2026.TestFeatureToggles" name="test_cleanup_reset_matrix" time="1.628" /><testcase classname="tests.test_iteration11_feb2026.TestProductVariants" name="test_sale_rejects_invalid_variant" time="2.156" /><testcase classname="tests.test_iteration11_feb2026.TestProductVariants" name="test_notes_truncated_at_200" time="3.792" /><testcase classname="tests.test_iteration10_new_features.TestVoidSale" name="test_void_without_pin_fails" time="5.497" /><testcase classname="tests.test_iteration10_new_features.TestVoidSale" name="test_void_with_valid_pin_succeeds" time="4.227" /><testcase classname="tests.test_iteration12_dashboard_tax.TestTaxConfig" name="test_tax_off_default" time="7.134" /><testcase classname="tests.test_iteration10_new_features.TestVoidSale" name="test_void_already_voided" time="1.829" /><testcase classname="tests.test_iteration12_dashboard_tax.TestTaxConfig" name="test_tax_on_11_percent" time="4.276" /><testcase classname="tests.test_iteration13_notifications_selforder.TestSelfOrderCustomerPhone" name="test_accepts_customer_phone" time="5.666" /><testcase classname="tests.test_iteration12_dashboard_tax.TestTaxConfig" name="test_tax_config_reset_off" time="2.636" /><testcase classname="tests.test_iteration13_notifications_selforder.TestSelfOrderCustomerPhone" name="test_accept_variant_price_authoritative_and_notes_stored" time="5.601" /><testcase classname="tests.test_iteration10_new_features.TestAuthLogin" name="test_all_roles_login" time="4.387" /><testcase classname="tests.test_iteration13_notifications_selforder.TestSelfOrderCustomerPhone" name="test_missing_customer_name_rejected" time="0.109" /><testcase classname="tests.test_iteration10_new_features.TestPin" name="test_pin_generate_super_admin" time="2.202" /><testcase classname="tests.test_iteration10_new_features.TestAuthLogin" name="test_vendor_has_merchant_id" time="1.129" /><testcase classname="tests.test_iteration10_new_features.TestPin" name="test_kasir_cannot_generate_pin" time="1.743" /><testcase classname="tests.test_iteration10_new_features.TestKasirHistory" name="test_kasir_history_returns_list" time="2.361" /><testcase classname="tests.test_iteration10_new_features.TestBankAccounts" name="test_crud_roundtrip" time="2.807" /><testcase classname="tests.test_iteration10_new_features.TestKasirHistory" name="test_vendor_forbidden_history" time="0.630" /><testcase classname="tests.test_iteration10_new_features.TestSettings" name="test_qris_upsert_and_get" time="2.476" /><testcase classname="tests.test_iteration10_new_features.TestBankAccounts" name="test_kasir_cannot_write" time="0.637" /><testcase classname="tests.test_iteration10_new_features.TestSettings" name="test_generic_setting_upsert_get" time="2.062" /><testcase classname="tests.test_iteration10_new_features.TestVendorScope" name="test_kds_orders_vendor_scoped" time="2.144" /><testcase classname="tests.test_iteration10_new_features.TestVendorScope" name="test_vendor_orders_scoped" time="1.135" /><testcase classname="tests.test_iteration10_new_features.TestShiftLock" name="test_sales_without_shift_returns_400" time="6.348" /><testcase classname="tests.test_iteration11_feb2026.TestSubscriptionEnforcement" name="test_suspend_blocks_vendor_login" time="4.856" /><testcase classname="tests.test_iteration11_feb2026.TestSubscriptionEnforcement" name="test_restore_active_allows_login" time="3.548" /><testcase classname="tests.test_iteration10_new_features.TestCashOpname" name="test_variance_computation" time="16.116" /><testcase classname="tests.test_iteration12_dashboard_tax.TestDashboardBasic" name="test_dashboard_all_scope" time="3.900" /></testsuite></testsuites>