<?xml version="1.0" encoding="utf-8"?><testsuites name="pytest tests"><testsuite name="pytest" errors="0" failures="0" skipped="0" tests="9" time="66.079" timestamp="2026-09-04T23:05:22.651862+00:00" hostname="agent-env-7a7733eb-f4b5-41a0-a93c-376a0582226d"><testcase classname="tests.test_iteration12_dashboard_tax.TestDashboardAnalytics" name="test_analytics_daily" time="31.011" /><testcase classname="tests.test_iteration12_dashboard_tax.TestTaxConfig" name="test_tax_off_default" time="32.335" /><testcase classname="tests.test_iteration12_dashboard_tax.TestDashboardAnalytics" name="test_analytics_hourly" time="11.758" /><testcase classname="tests.test_iteration12_dashboard_tax.TestTaxConfig" name="test_tax_on_11_percent" time="4.416" /><testcase classname="tests.test_iteration12_dashboard_tax.TestTaxConfig" name="test_tax_config_reset_off" time="1.671" /><testcase classname="tests.test_iteration12_dashboard_tax.TestDashboardBasic" name="test_dashboard_all_scope" time="2.995" /><testcase classname="tests.test_iteration12_dashboard_tax.TestDashboardAnalytics" name="test_analytics_outlet_all" time="7.319" /><testcase classname="tests.test_iteration12_dashboard_tax.TestDashboardAnalytics" name="test_analytics_single_outlet" time="5.812" /><testcase classname="tests.test_iteration12_dashboard_tax.TestDashboardAnalytics" name="test_analytics_kasir_ignores_outlet_param" time="9.465" /></testsuite></testsuites>