<?xml version="1.0" encoding="utf-8"?><testsuites name="pytest tests"><testsuite name="pytest" errors="0" failures="2" skipped="0" tests="19" time="74.561" timestamp="2026-09-03T20:07:41.636297+00:00" hostname="agent-env-7a7733eb-f4b5-41a0-a93c-376a0582226d"><testcase classname="tests.test_security_fixes" name="test_sec001_login_cookie_samesite_lax" time="12.374"><failure message="AssertionError: Expected SameSite=Lax cookie, got: access_token=eyjhbgcioijiuzi1niisinr5cci6ikpxvcj9.eyjzdwiioii3mmu4nzrizs04ztvlltrkogutyju1ms1kyjkwywuzzmvjnzqilcj0exblijoiywnjzxnziiwizxhwijoxnzg4ndk0odc0fq.tozexjf3lksny6amx8zjcn4_aip_ya8-cvyeo-2yryg; httponly; max-age=28800; path=/; secure; samesite=none; partitioned, refresh_token=eyjhbgcioijiuzi1niisinr5cci6ikpxvcj9.eyjzdwiioii3mmu4nzrizs04ztvlltrkogutyju1ms1kyjkwywuzzmvjnzqilcj0exblijoicmvmcmvzacisimv4cci6mtc4ota3mdg3nh0.wonh4mvwq6-c5bcsgoyarkueqapc0_4ekawasj6lzx8; httponly; max-age=604800; path=/; secure; samesite=none; partitioned, __cf_bm=wb4qhgu.ipw9uvecixgk7zjzwdh6gifmuto8rdra8nu-1788466062.310165-1.0.1.1-3nb823tz1csxwkies8bqzd4z4q3lp7kyeplo2jpusqfleudkaryf.9mdtu8.tzb3y54pl6qwn75nngbovtmetz5frhhrus5u2zzwa8urzn8nppu_d5x3ne19_wvclra4; httponly; samesite=none; secure; path=/; domain=preview.emergentagent.com; expires=thu, 03 sep 2026 20:37:54 gmt access_token=eyjhbgcioijiuzi1niisinr5cci6ikpxvcj9.eyjzdwiioii3mmu4nzrizs04ztvlltrkogutyju1ms1kyjkwywuzzmvjnzqilcj0exblijoiywnjzxnziiwizxhwijoxnzg4ndk0odc0fq.tozexjf3lksny6amx8zjcn4_aip_ya8-cvyeo-2yryg; httponly; max-age=28800; path=/; secure; samesite=none; partitioned, refresh_token=eyjhbgcioijiuzi1niisinr5cci6ikpxvcj9.eyjzdwiioii3mmu4nzrizs04ztvlltrkogutyju1ms1kyjkwywuzzmvjnzqilcj0exblijoicmvmcmvzacisimv4cci6mtc4ota3mdg3nh0.wonh4mvwq6-c5bcsgoyarkueqapc0_4ekawasj6lzx8; httponly; max-age=604800; path=/; secure; samesite=none; partitioned, __cf_bm=wb4qhgu.ipw9uvecixgk7zjzwdh6gifmuto8rdra8nu-1788466062.310165-1.0.1.1-3nb823tz1csxwkies8bqzd4z4q3lp7kyeplo2jpusqfleudkaryf.9mdtu8.tzb3y54pl6qwn75nngbovtmetz5frhhrus5u2zzwa8urzn8nppu_d5x3ne19_wvclra4; httponly; samesite=none; secure; path=/; domain=preview.emergentagent.com; expires=thu, 03 sep 2026 20:37:54 gmt&#10;assert 'samesite=lax' in 'access_token=eyjhbgcioijiuzi1niisinr5cci6ikpxvcj9.eyjzdwiioii3mmu4nzrizs04ztvlltrkogutyju1ms1kyjkwywuzzmvjnzqilcj0exblijoiywnjzxnziiwizxhwijoxnzg4ndk0odc0fq.tozexjf3lksny6amx8zjcn4_aip_ya8-cvyeo-2yryg; httponly; max-age=28800; path=/; secure; samesite=none; partitioned, refresh_token=eyjhbgcioijiuzi1niisinr5cci6ikpxvcj9.eyjzdwiioii3mmu4nzrizs04ztvlltrkogutyju1ms1kyjkwywuzzmvjnzqilcj0exblijoicmvmcmvzacisimv4cci6mtc4ota3mdg3nh0.wonh4mvwq6-c5bcsgoyarkueqapc0_4ekawasj6lzx8; httponly; max-age=604800; path=/; secure; samesite=none; partitioned, __cf_bm=wb4qhgu.ipw9uvecixgk7zjzwdh6gifmuto8rdra8nu-1788466062.310165-1.0.1.1-3nb823tz1csxwkies8bqzd4z4q3lp7kyeplo2jpusqfleudkaryf.9mdtu8.tzb3y54pl6qwn75nngbovtmetz5frhhrus5u2zzwa8urzn8nppu_d5x3ne19_wvclra4; httponly; samesite=none; secure; path=/; domain=preview.emergentagent.com; expires=thu, 03 sep 2026 20:37:54 gmt access_token=eyjhbgcioijiuzi1niisinr5cci6ikpxvcj9.eyjzdwiioii3mmu4nzrizs04ztvlltrkogutyju1ms1kyjkwywuzzmvjnzqilcj0exblijoiywnjzxnziiwizxhwijoxnzg4ndk0odc0fq.tozexjf3lksny6amx8zjcn4_aip_ya8-cvyeo-2yryg; httponly; max-age=28800; path=/; secure; samesite=none; partitioned, refresh_token=eyjhbgcioijiuzi1niisinr5cci6ikpxvcj9.eyjzdwiioii3mmu4nzrizs04ztvlltrkogutyju1ms1kyjkwywuzzmvjnzqilcj0exblijoicmvmcmvzacisimv4cci6mtc4ota3mdg3nh0.wonh4mvwq6-c5bcsgoyarkueqapc0_4ekawasj6lzx8; httponly; max-age=604800; path=/; secure; samesite=none; partitioned, __cf_bm=wb4qhgu.ipw9uvecixgk7zjzwdh6gifmuto8rdra8nu-1788466062.310165-1.0.1.1-3nb823tz1csxwkies8bqzd4z4q3lp7kyeplo2jpusqfleudkaryf.9mdtu8.tzb3y54pl6qwn75nngbovtmetz5frhhrus5u2zzwa8urzn8nppu_d5x3ne19_wvclra4; httponly; samesite=none; secure; path=/; domain=preview.emergentagent.com; expires=thu, 03 sep 2026 20:37:54 gmt'">backend/tests/test_security_fixes.py:39: in test_sec001_login_cookie_samesite_lax
    assert "samesite=lax" in combined, f"Expected SameSite=Lax cookie, got: {combined}"
E   AssertionError: Expected SameSite=Lax cookie, got: access_token=eyjhbgcioijiuzi1niisinr5cci6ikpxvcj9.eyjzdwiioii3mmu4nzrizs04ztvlltrkogutyju1ms1kyjkwywuzzmvjnzqilcj0exblijoiywnjzxnziiwizxhwijoxnzg4ndk0odc0fq.tozexjf3lksny6amx8zjcn4_aip_ya8-cvyeo-2yryg; httponly; max-age=28800; path=/; secure; samesite=none; partitioned, refresh_token=eyjhbgcioijiuzi1niisinr5cci6ikpxvcj9.eyjzdwiioii3mmu4nzrizs04ztvlltrkogutyju1ms1kyjkwywuzzmvjnzqilcj0exblijoicmvmcmvzacisimv4cci6mtc4ota3mdg3nh0.wonh4mvwq6-c5bcsgoyarkueqapc0_4ekawasj6lzx8; httponly; max-age=604800; path=/; secure; samesite=none; partitioned, __cf_bm=wb4qhgu.ipw9uvecixgk7zjzwdh6gifmuto8rdra8nu-1788466062.310165-1.0.1.1-3nb823tz1csxwkies8bqzd4z4q3lp7kyeplo2jpusqfleudkaryf.9mdtu8.tzb3y54pl6qwn75nngbovtmetz5frhhrus5u2zzwa8urzn8nppu_d5x3ne19_wvclra4; httponly; samesite=none; secure; path=/; domain=preview.emergentagent.com; expires=thu, 03 sep 2026 20:37:54 gmt access_token=eyjhbgcioijiuzi1niisinr5cci6ikpxvcj9.eyjzdwiioii3mmu4nzrizs04ztvlltrkogutyju1ms1kyjkwywuzzmvjnzqilcj0exblijoiywnjzxnziiwizxhwijoxnzg4ndk0odc0fq.tozexjf3lksny6amx8zjcn4_aip_ya8-cvyeo-2yryg; httponly; max-age=28800; path=/; secure; samesite=none; partitioned, refresh_token=eyjhbgcioijiuzi1niisinr5cci6ikpxvcj9.eyjzdwiioii3mmu4nzrizs04ztvlltrkogutyju1ms1kyjkwywuzzmvjnzqilcj0exblijoicmvmcmvzacisimv4cci6mtc4ota3mdg3nh0.wonh4mvwq6-c5bcsgoyarkueqapc0_4ekawasj6lzx8; httponly; max-age=604800; path=/; secure; samesite=none; partitioned, __cf_bm=wb4qhgu.ipw9uvecixgk7zjzwdh6gifmuto8rdra8nu-1788466062.310165-1.0.1.1-3nb823tz1csxwkies8bqzd4z4q3lp7kyeplo2jpusqfleudkaryf.9mdtu8.tzb3y54pl6qwn75nngbovtmetz5frhhrus5u2zzwa8urzn8nppu_d5x3ne19_wvclra4; httponly; samesite=none; secure; path=/; domain=preview.emergentagent.com; expires=thu, 03 sep 2026 20:37:54 gmt
E   assert 'samesite=lax' in 'access_token=eyjhbgcioijiuzi1niisinr5cci6ikpxvcj9.eyjzdwiioii3mmu4nzrizs04ztvlltrkogutyju1ms1kyjkwywuzzmvjnzqilcj0exblijoiywnjzxnziiwizxhwijoxnzg4ndk0odc0fq.tozexjf3lksny6amx8zjcn4_aip_ya8-cvyeo-2yryg; httponly; max-age=28800; path=/; secure; samesite=none; partitioned, refresh_token=eyjhbgcioijiuzi1niisinr5cci6ikpxvcj9.eyjzdwiioii3mmu4nzrizs04ztvlltrkogutyju1ms1kyjkwywuzzmvjnzqilcj0exblijoicmvmcmvzacisimv4cci6mtc4ota3mdg3nh0.wonh4mvwq6-c5bcsgoyarkueqapc0_4ekawasj6lzx8; httponly; max-age=604800; path=/; secure; samesite=none; partitioned, __cf_bm=wb4qhgu.ipw9uvecixgk7zjzwdh6gifmuto8rdra8nu-1788466062.310165-1.0.1.1-3nb823tz1csxwkies8bqzd4z4q3lp7kyeplo2jpusqfleudkaryf.9mdtu8.tzb3y54pl6qwn75nngbovtmetz5frhhrus5u2zzwa8urzn8nppu_d5x3ne19_wvclra4; httponly; samesite=none; secure; path=/; domain=preview.emergentagent.com; expires=thu, 03 sep 2026 20:37:54 gmt access_token=eyjhbgcioijiuzi1niisinr5cci6ikpxvcj9.eyjzdwiioii3mmu4nzrizs04ztvlltrkogutyju1ms1kyjkwywuzzmvjnzqilcj0exblijoiywnjzxnziiwizxhwijoxnzg4ndk0odc0fq.tozexjf3lksny6amx8zjcn4_aip_ya8-cvyeo-2yryg; httponly; max-age=28800; path=/; secure; samesite=none; partitioned, refresh_token=eyjhbgcioijiuzi1niisinr5cci6ikpxvcj9.eyjzdwiioii3mmu4nzrizs04ztvlltrkogutyju1ms1kyjkwywuzzmvjnzqilcj0exblijoicmvmcmvzacisimv4cci6mtc4ota3mdg3nh0.wonh4mvwq6-c5bcsgoyarkueqapc0_4ekawasj6lzx8; httponly; max-age=604800; path=/; secure; samesite=none; partitioned, __cf_bm=wb4qhgu.ipw9uvecixgk7zjzwdh6gifmuto8rdra8nu-1788466062.310165-1.0.1.1-3nb823tz1csxwkies8bqzd4z4q3lp7kyeplo2jpusqfleudkaryf.9mdtu8.tzb3y54pl6qwn75nngbovtmetz5frhhrus5u2zzwa8urzn8nppu_d5x3ne19_wvclra4; httponly; samesite=none; secure; path=/; domain=preview.emergentagent.com; expires=thu, 03 sep 2026 20:37:54 gmt'</failure></testcase><testcase classname="tests.test_security_fixes" name="test_sec002_plain_password_reveal_enabled_and_audit_log" time="2.434" /><testcase classname="tests.test_security_fixes" name="test_sec003_vendor_me_has_merchant_id" time="1.563"><failure message="AssertionError: /auth/me missing merchant_id='m-barista' — got {'id': '73923f8d-30fe-44f9-a540-57bd1c25fb95', 'email': 'vendor@mjd-kupi.local', 'username': 'vendor', 'role': 'Vendor', 'name': 'Agus Tenant', 'outlet_id': 'outlet-sudirman'}&#10;assert None == 'm-barista'&#10; +  where None = &lt;built-in method get of dict object at 0xfd266b636480&gt;('merchant_id')&#10; +    where &lt;built-in method get of dict object at 0xfd266b636480&gt; = {'id': '73923f8d-30fe-44f9-a540-57bd1c25fb95', 'email': 'vendor@mjd-kupi.local', 'username': 'vendor', 'role': 'Vendor', ...}.get">backend/tests/test_security_fixes.py:79: in test_sec003_vendor_me_has_merchant_id
    assert me.get("merchant_id") == "m-barista", f"/auth/me missing merchant_id='m-barista' — got {me}"
E   AssertionError: /auth/me missing merchant_id='m-barista' — got {'id': '73923f8d-30fe-44f9-a540-57bd1c25fb95', 'email': 'vendor@mjd-kupi.local', 'username': 'vendor', 'role': 'Vendor', 'name': 'Agus Tenant', 'outlet_id': 'outlet-sudirman'}
E   assert None == 'm-barista'
E    +  where None = &lt;built-in method get of dict object at 0xfd266b636480&gt;('merchant_id')
E    +    where &lt;built-in method get of dict object at 0xfd266b636480&gt; = {'id': '73923f8d-30fe-44f9-a540-57bd1c25fb95', 'email': 'vendor@mjd-kupi.local', 'username': 'vendor', 'role': 'Vendor', ...}.get</failure></testcase><testcase classname="tests.test_security_fixes" name="test_sec003_vendor_kds_orders_scoped" time="7.914" /><testcase classname="tests.test_security_fixes" name="test_sec003_vendor_kds_patch_forbidden_for_other_merchant" time="5.210" /><testcase classname="tests.test_security_fixes" name="test_sec003_vendor_orders_scoped" time="2.326" /><testcase classname="tests.test_security_fixes" name="test_sec004_expenses_scoping_kasir_only_own" time="7.216" /><testcase classname="tests.test_security_fixes" name="test_sec004_expenses_vendor_forbidden" time="1.751" /><testcase classname="tests.test_security_fixes" name="test_sec004_stock_logs_kasir_forbidden" time="1.600" /><testcase classname="tests.test_security_fixes" name="test_sec004_stock_logs_admin_allowed" time="2.124" /><testcase classname="tests.test_security_fixes" name="test_sec005_create_sale_recompute_from_authoritative_prices" time="4.992" /><testcase classname="tests.test_security_fixes" name="test_security_headers_on_api_root" time="0.226" /><testcase classname="tests.test_security_fixes" name="test_regression_login_all_roles[superadmin]" time="2.174" /><testcase classname="tests.test_security_fixes" name="test_regression_login_all_roles[admin]" time="1.720" /><testcase classname="tests.test_security_fixes" name="test_regression_login_all_roles[vendor]" time="1.592" /><testcase classname="tests.test_security_fixes" name="test_regression_login_all_roles[kasir]" time="1.690" /><testcase classname="tests.test_security_fixes" name="test_regression_core_lists_accessible" time="5.370" /><testcase classname="tests.test_security_fixes" name="test_regression_shift_open_close_flow" time="5.049" /><testcase classname="tests.test_security_fixes" name="test_regression_accept_self_order_by_kasir" time="6.678" /></testsuite></testsuites>